[2025-05-03T12:58:52.295+0000] {processor.py:186} INFO - Started process (PID=62) to work on /opt/airflow/dags/main.py
[2025-05-03T12:58:52.299+0000] {processor.py:914} INFO - Processing file /opt/airflow/dags/main.py for tasks to queue
[2025-05-03T12:58:52.309+0000] {logging_mixin.py:190} INFO - [2025-05-03T12:58:52.308+0000] {dagbag.py:588} INFO - Filling up the DagBag from /opt/airflow/dags/main.py
[2025-05-03T12:58:55.130+0000] {processor.py:927} WARNING - No viable dags retrieved from /opt/airflow/dags/main.py
[2025-05-03T12:58:55.255+0000] {processor.py:208} INFO - Processing /opt/airflow/dags/main.py took 2.972 seconds
[2025-05-03T12:59:26.195+0000] {processor.py:186} INFO - Started process (PID=80) to work on /opt/airflow/dags/main.py
[2025-05-03T12:59:26.198+0000] {processor.py:914} INFO - Processing file /opt/airflow/dags/main.py for tasks to queue
[2025-05-03T12:59:26.204+0000] {logging_mixin.py:190} INFO - [2025-05-03T12:59:26.203+0000] {dagbag.py:588} INFO - Filling up the DagBag from /opt/airflow/dags/main.py
[2025-05-03T12:59:26.900+0000] {processor.py:927} WARNING - No viable dags retrieved from /opt/airflow/dags/main.py
[2025-05-03T12:59:26.913+0000] {processor.py:208} INFO - Processing /opt/airflow/dags/main.py took 0.733 seconds
[2025-05-03T12:59:57.354+0000] {processor.py:186} INFO - Started process (PID=92) to work on /opt/airflow/dags/main.py
[2025-05-03T12:59:57.355+0000] {processor.py:914} INFO - Processing file /opt/airflow/dags/main.py for tasks to queue
[2025-05-03T12:59:57.361+0000] {logging_mixin.py:190} INFO - [2025-05-03T12:59:57.361+0000] {dagbag.py:588} INFO - Filling up the DagBag from /opt/airflow/dags/main.py
[2025-05-03T12:59:58.533+0000] {processor.py:927} WARNING - No viable dags retrieved from /opt/airflow/dags/main.py
[2025-05-03T12:59:58.562+0000] {processor.py:208} INFO - Processing /opt/airflow/dags/main.py took 1.216 seconds
[2025-05-03T13:00:29.142+0000] {processor.py:186} INFO - Started process (PID=104) to work on /opt/airflow/dags/main.py
[2025-05-03T13:00:29.145+0000] {processor.py:914} INFO - Processing file /opt/airflow/dags/main.py for tasks to queue
[2025-05-03T13:00:29.157+0000] {logging_mixin.py:190} INFO - [2025-05-03T13:00:29.156+0000] {dagbag.py:588} INFO - Filling up the DagBag from /opt/airflow/dags/main.py
[2025-05-03T13:00:29.821+0000] {processor.py:927} WARNING - No viable dags retrieved from /opt/airflow/dags/main.py
[2025-05-03T13:00:29.834+0000] {processor.py:208} INFO - Processing /opt/airflow/dags/main.py took 0.697 seconds
[2025-05-03T13:01:00.966+0000] {processor.py:186} INFO - Started process (PID=116) to work on /opt/airflow/dags/main.py
[2025-05-03T13:01:00.970+0000] {processor.py:914} INFO - Processing file /opt/airflow/dags/main.py for tasks to queue
[2025-05-03T13:01:00.977+0000] {logging_mixin.py:190} INFO - [2025-05-03T13:01:00.976+0000] {dagbag.py:588} INFO - Filling up the DagBag from /opt/airflow/dags/main.py
[2025-05-03T13:01:01.718+0000] {processor.py:927} WARNING - No viable dags retrieved from /opt/airflow/dags/main.py
[2025-05-03T13:01:01.733+0000] {processor.py:208} INFO - Processing /opt/airflow/dags/main.py took 0.790 seconds
[2025-05-03T13:01:32.720+0000] {processor.py:186} INFO - Started process (PID=128) to work on /opt/airflow/dags/main.py
[2025-05-03T13:01:32.721+0000] {processor.py:914} INFO - Processing file /opt/airflow/dags/main.py for tasks to queue
[2025-05-03T13:01:32.725+0000] {logging_mixin.py:190} INFO - [2025-05-03T13:01:32.725+0000] {dagbag.py:588} INFO - Filling up the DagBag from /opt/airflow/dags/main.py
[2025-05-03T13:01:33.822+0000] {processor.py:927} WARNING - No viable dags retrieved from /opt/airflow/dags/main.py
[2025-05-03T13:01:33.836+0000] {processor.py:208} INFO - Processing /opt/airflow/dags/main.py took 1.121 seconds
[2025-05-03T13:02:04.668+0000] {processor.py:186} INFO - Started process (PID=140) to work on /opt/airflow/dags/main.py
[2025-05-03T13:02:04.669+0000] {processor.py:914} INFO - Processing file /opt/airflow/dags/main.py for tasks to queue
[2025-05-03T13:02:04.672+0000] {logging_mixin.py:190} INFO - [2025-05-03T13:02:04.671+0000] {dagbag.py:588} INFO - Filling up the DagBag from /opt/airflow/dags/main.py
[2025-05-03T13:02:05.371+0000] {processor.py:927} WARNING - No viable dags retrieved from /opt/airflow/dags/main.py
[2025-05-03T13:02:05.386+0000] {processor.py:208} INFO - Processing /opt/airflow/dags/main.py took 0.726 seconds
[2025-05-03T13:02:36.547+0000] {processor.py:186} INFO - Started process (PID=152) to work on /opt/airflow/dags/main.py
[2025-05-03T13:02:36.551+0000] {processor.py:914} INFO - Processing file /opt/airflow/dags/main.py for tasks to queue
[2025-05-03T13:02:36.557+0000] {logging_mixin.py:190} INFO - [2025-05-03T13:02:36.557+0000] {dagbag.py:588} INFO - Filling up the DagBag from /opt/airflow/dags/main.py
[2025-05-03T13:02:37.260+0000] {processor.py:927} WARNING - No viable dags retrieved from /opt/airflow/dags/main.py
[2025-05-03T13:02:37.274+0000] {processor.py:208} INFO - Processing /opt/airflow/dags/main.py took 0.736 seconds
[2025-05-03T13:03:07.824+0000] {processor.py:186} INFO - Started process (PID=163) to work on /opt/airflow/dags/main.py
[2025-05-03T13:03:07.826+0000] {processor.py:914} INFO - Processing file /opt/airflow/dags/main.py for tasks to queue
[2025-05-03T13:03:07.829+0000] {logging_mixin.py:190} INFO - [2025-05-03T13:03:07.829+0000] {dagbag.py:588} INFO - Filling up the DagBag from /opt/airflow/dags/main.py
[2025-05-03T13:03:08.563+0000] {processor.py:927} WARNING - No viable dags retrieved from /opt/airflow/dags/main.py
[2025-05-03T13:03:08.580+0000] {processor.py:208} INFO - Processing /opt/airflow/dags/main.py took 0.761 seconds
[2025-05-03T13:03:39.219+0000] {processor.py:186} INFO - Started process (PID=176) to work on /opt/airflow/dags/main.py
[2025-05-03T13:03:39.220+0000] {processor.py:914} INFO - Processing file /opt/airflow/dags/main.py for tasks to queue
[2025-05-03T13:03:39.223+0000] {logging_mixin.py:190} INFO - [2025-05-03T13:03:39.222+0000] {dagbag.py:588} INFO - Filling up the DagBag from /opt/airflow/dags/main.py
[2025-05-03T13:03:39.731+0000] {processor.py:927} WARNING - No viable dags retrieved from /opt/airflow/dags/main.py
[2025-05-03T13:03:39.799+0000] {processor.py:208} INFO - Processing /opt/airflow/dags/main.py took 0.586 seconds
[2025-05-03T13:04:10.479+0000] {processor.py:186} INFO - Started process (PID=188) to work on /opt/airflow/dags/main.py
[2025-05-03T13:04:10.482+0000] {processor.py:914} INFO - Processing file /opt/airflow/dags/main.py for tasks to queue
[2025-05-03T13:04:10.488+0000] {logging_mixin.py:190} INFO - [2025-05-03T13:04:10.488+0000] {dagbag.py:588} INFO - Filling up the DagBag from /opt/airflow/dags/main.py
[2025-05-03T13:04:11.003+0000] {processor.py:927} WARNING - No viable dags retrieved from /opt/airflow/dags/main.py
[2025-05-03T13:04:11.025+0000] {processor.py:208} INFO - Processing /opt/airflow/dags/main.py took 0.555 seconds
[2025-05-03T13:04:41.513+0000] {processor.py:186} INFO - Started process (PID=200) to work on /opt/airflow/dags/main.py
[2025-05-03T13:04:41.514+0000] {processor.py:914} INFO - Processing file /opt/airflow/dags/main.py for tasks to queue
[2025-05-03T13:04:41.518+0000] {logging_mixin.py:190} INFO - [2025-05-03T13:04:41.517+0000] {dagbag.py:588} INFO - Filling up the DagBag from /opt/airflow/dags/main.py
[2025-05-03T13:04:42.100+0000] {processor.py:927} WARNING - No viable dags retrieved from /opt/airflow/dags/main.py
[2025-05-03T13:04:42.117+0000] {processor.py:208} INFO - Processing /opt/airflow/dags/main.py took 0.610 seconds
[2025-05-03T13:05:13.105+0000] {processor.py:186} INFO - Started process (PID=212) to work on /opt/airflow/dags/main.py
[2025-05-03T13:05:13.117+0000] {processor.py:914} INFO - Processing file /opt/airflow/dags/main.py for tasks to queue
[2025-05-03T13:05:13.127+0000] {logging_mixin.py:190} INFO - [2025-05-03T13:05:13.126+0000] {dagbag.py:588} INFO - Filling up the DagBag from /opt/airflow/dags/main.py
[2025-05-03T13:05:14.690+0000] {processor.py:927} WARNING - No viable dags retrieved from /opt/airflow/dags/main.py
[2025-05-03T13:05:14.710+0000] {processor.py:208} INFO - Processing /opt/airflow/dags/main.py took 1.617 seconds
[2025-05-03T13:05:45.361+0000] {processor.py:186} INFO - Started process (PID=224) to work on /opt/airflow/dags/main.py
[2025-05-03T13:05:45.363+0000] {processor.py:914} INFO - Processing file /opt/airflow/dags/main.py for tasks to queue
[2025-05-03T13:05:45.369+0000] {logging_mixin.py:190} INFO - [2025-05-03T13:05:45.369+0000] {dagbag.py:588} INFO - Filling up the DagBag from /opt/airflow/dags/main.py
[2025-05-03T13:05:45.907+0000] {processor.py:927} WARNING - No viable dags retrieved from /opt/airflow/dags/main.py
[2025-05-03T13:05:45.924+0000] {processor.py:208} INFO - Processing /opt/airflow/dags/main.py took 0.571 seconds
[2025-05-03T13:06:16.848+0000] {processor.py:186} INFO - Started process (PID=236) to work on /opt/airflow/dags/main.py
[2025-05-03T13:06:16.850+0000] {processor.py:914} INFO - Processing file /opt/airflow/dags/main.py for tasks to queue
[2025-05-03T13:06:16.852+0000] {logging_mixin.py:190} INFO - [2025-05-03T13:06:16.852+0000] {dagbag.py:588} INFO - Filling up the DagBag from /opt/airflow/dags/main.py
[2025-05-03T13:06:17.301+0000] {processor.py:927} WARNING - No viable dags retrieved from /opt/airflow/dags/main.py
[2025-05-03T13:06:17.316+0000] {processor.py:208} INFO - Processing /opt/airflow/dags/main.py took 0.474 seconds
[2025-05-03T13:06:47.787+0000] {processor.py:186} INFO - Started process (PID=248) to work on /opt/airflow/dags/main.py
[2025-05-03T13:06:47.800+0000] {processor.py:914} INFO - Processing file /opt/airflow/dags/main.py for tasks to queue
[2025-05-03T13:06:47.815+0000] {logging_mixin.py:190} INFO - [2025-05-03T13:06:47.814+0000] {dagbag.py:588} INFO - Filling up the DagBag from /opt/airflow/dags/main.py
[2025-05-03T13:06:48.654+0000] {processor.py:927} WARNING - No viable dags retrieved from /opt/airflow/dags/main.py
[2025-05-03T13:06:48.756+0000] {processor.py:208} INFO - Processing /opt/airflow/dags/main.py took 0.979 seconds
[2025-05-03T13:07:18.936+0000] {processor.py:186} INFO - Started process (PID=259) to work on /opt/airflow/dags/main.py
[2025-05-03T13:07:18.938+0000] {processor.py:914} INFO - Processing file /opt/airflow/dags/main.py for tasks to queue
[2025-05-03T13:07:18.941+0000] {logging_mixin.py:190} INFO - [2025-05-03T13:07:18.940+0000] {dagbag.py:588} INFO - Filling up the DagBag from /opt/airflow/dags/main.py
[2025-05-03T13:07:19.422+0000] {processor.py:927} WARNING - No viable dags retrieved from /opt/airflow/dags/main.py
[2025-05-03T13:07:19.438+0000] {processor.py:208} INFO - Processing /opt/airflow/dags/main.py took 0.511 seconds
[2025-05-03T13:07:50.171+0000] {processor.py:186} INFO - Started process (PID=272) to work on /opt/airflow/dags/main.py
[2025-05-03T13:07:50.173+0000] {processor.py:914} INFO - Processing file /opt/airflow/dags/main.py for tasks to queue
[2025-05-03T13:07:50.176+0000] {logging_mixin.py:190} INFO - [2025-05-03T13:07:50.176+0000] {dagbag.py:588} INFO - Filling up the DagBag from /opt/airflow/dags/main.py
[2025-05-03T13:07:50.691+0000] {processor.py:927} WARNING - No viable dags retrieved from /opt/airflow/dags/main.py
[2025-05-03T13:07:50.710+0000] {processor.py:208} INFO - Processing /opt/airflow/dags/main.py took 0.546 seconds
[2025-05-03T13:08:20.917+0000] {processor.py:186} INFO - Started process (PID=284) to work on /opt/airflow/dags/main.py
[2025-05-03T13:08:20.918+0000] {processor.py:914} INFO - Processing file /opt/airflow/dags/main.py for tasks to queue
[2025-05-03T13:08:20.921+0000] {logging_mixin.py:190} INFO - [2025-05-03T13:08:20.921+0000] {dagbag.py:588} INFO - Filling up the DagBag from /opt/airflow/dags/main.py
[2025-05-03T13:08:21.721+0000] {processor.py:927} WARNING - No viable dags retrieved from /opt/airflow/dags/main.py
[2025-05-03T13:08:21.742+0000] {processor.py:208} INFO - Processing /opt/airflow/dags/main.py took 0.832 seconds
[2025-05-03T13:08:51.951+0000] {processor.py:186} INFO - Started process (PID=295) to work on /opt/airflow/dags/main.py
[2025-05-03T13:08:51.952+0000] {processor.py:914} INFO - Processing file /opt/airflow/dags/main.py for tasks to queue
[2025-05-03T13:08:51.955+0000] {logging_mixin.py:190} INFO - [2025-05-03T13:08:51.954+0000] {dagbag.py:588} INFO - Filling up the DagBag from /opt/airflow/dags/main.py
[2025-05-03T13:08:52.426+0000] {processor.py:927} WARNING - No viable dags retrieved from /opt/airflow/dags/main.py
[2025-05-03T13:08:52.450+0000] {processor.py:208} INFO - Processing /opt/airflow/dags/main.py took 0.505 seconds
[2025-05-03T13:09:22.590+0000] {processor.py:186} INFO - Started process (PID=307) to work on /opt/airflow/dags/main.py
[2025-05-03T13:09:22.591+0000] {processor.py:914} INFO - Processing file /opt/airflow/dags/main.py for tasks to queue
[2025-05-03T13:09:22.596+0000] {logging_mixin.py:190} INFO - [2025-05-03T13:09:22.595+0000] {dagbag.py:588} INFO - Filling up the DagBag from /opt/airflow/dags/main.py
[2025-05-03T13:09:23.240+0000] {processor.py:927} WARNING - No viable dags retrieved from /opt/airflow/dags/main.py
[2025-05-03T13:09:23.260+0000] {processor.py:208} INFO - Processing /opt/airflow/dags/main.py took 0.680 seconds
[2025-05-03T13:09:54.158+0000] {processor.py:186} INFO - Started process (PID=320) to work on /opt/airflow/dags/main.py
[2025-05-03T13:09:54.159+0000] {processor.py:914} INFO - Processing file /opt/airflow/dags/main.py for tasks to queue
[2025-05-03T13:09:54.162+0000] {logging_mixin.py:190} INFO - [2025-05-03T13:09:54.162+0000] {dagbag.py:588} INFO - Filling up the DagBag from /opt/airflow/dags/main.py
[2025-05-03T13:09:54.632+0000] {processor.py:927} WARNING - No viable dags retrieved from /opt/airflow/dags/main.py
[2025-05-03T13:09:54.647+0000] {processor.py:208} INFO - Processing /opt/airflow/dags/main.py took 0.496 seconds
[2025-05-03T13:10:24.808+0000] {processor.py:186} INFO - Started process (PID=332) to work on /opt/airflow/dags/main.py
[2025-05-03T13:10:24.810+0000] {processor.py:914} INFO - Processing file /opt/airflow/dags/main.py for tasks to queue
[2025-05-03T13:10:24.815+0000] {logging_mixin.py:190} INFO - [2025-05-03T13:10:24.814+0000] {dagbag.py:588} INFO - Filling up the DagBag from /opt/airflow/dags/main.py
[2025-05-03T13:10:25.420+0000] {processor.py:927} WARNING - No viable dags retrieved from /opt/airflow/dags/main.py
[2025-05-03T13:10:25.436+0000] {processor.py:208} INFO - Processing /opt/airflow/dags/main.py took 0.638 seconds
[2025-05-03T13:10:56.104+0000] {processor.py:186} INFO - Started process (PID=344) to work on /opt/airflow/dags/main.py
[2025-05-03T13:10:56.108+0000] {processor.py:914} INFO - Processing file /opt/airflow/dags/main.py for tasks to queue
[2025-05-03T13:10:56.111+0000] {logging_mixin.py:190} INFO - [2025-05-03T13:10:56.111+0000] {dagbag.py:588} INFO - Filling up the DagBag from /opt/airflow/dags/main.py
[2025-05-03T13:10:56.608+0000] {processor.py:927} WARNING - No viable dags retrieved from /opt/airflow/dags/main.py
[2025-05-03T13:10:56.647+0000] {processor.py:208} INFO - Processing /opt/airflow/dags/main.py took 0.557 seconds
[2025-05-03T13:11:27.188+0000] {processor.py:186} INFO - Started process (PID=362) to work on /opt/airflow/dags/main.py
[2025-05-03T13:11:27.190+0000] {processor.py:914} INFO - Processing file /opt/airflow/dags/main.py for tasks to queue
[2025-05-03T13:11:27.194+0000] {logging_mixin.py:190} INFO - [2025-05-03T13:11:27.192+0000] {dagbag.py:588} INFO - Filling up the DagBag from /opt/airflow/dags/main.py
[2025-05-03T13:11:27.787+0000] {processor.py:927} WARNING - No viable dags retrieved from /opt/airflow/dags/main.py
[2025-05-03T13:11:27.805+0000] {processor.py:208} INFO - Processing /opt/airflow/dags/main.py took 0.624 seconds
[2025-05-03T13:11:58.314+0000] {processor.py:186} INFO - Started process (PID=374) to work on /opt/airflow/dags/main.py
[2025-05-03T13:11:58.318+0000] {processor.py:914} INFO - Processing file /opt/airflow/dags/main.py for tasks to queue
[2025-05-03T13:11:58.323+0000] {logging_mixin.py:190} INFO - [2025-05-03T13:11:58.323+0000] {dagbag.py:588} INFO - Filling up the DagBag from /opt/airflow/dags/main.py
[2025-05-03T13:11:58.907+0000] {processor.py:927} WARNING - No viable dags retrieved from /opt/airflow/dags/main.py
[2025-05-03T13:11:58.928+0000] {processor.py:208} INFO - Processing /opt/airflow/dags/main.py took 0.619 seconds
[2025-05-03T13:12:29.559+0000] {processor.py:186} INFO - Started process (PID=386) to work on /opt/airflow/dags/main.py
[2025-05-03T13:12:29.561+0000] {processor.py:914} INFO - Processing file /opt/airflow/dags/main.py for tasks to queue
[2025-05-03T13:12:29.569+0000] {logging_mixin.py:190} INFO - [2025-05-03T13:12:29.569+0000] {dagbag.py:588} INFO - Filling up the DagBag from /opt/airflow/dags/main.py
[2025-05-03T13:12:30.278+0000] {processor.py:927} WARNING - No viable dags retrieved from /opt/airflow/dags/main.py
[2025-05-03T13:12:30.292+0000] {processor.py:208} INFO - Processing /opt/airflow/dags/main.py took 0.741 seconds
[2025-05-03T13:13:00.429+0000] {processor.py:186} INFO - Started process (PID=398) to work on /opt/airflow/dags/main.py
[2025-05-03T13:13:00.431+0000] {processor.py:914} INFO - Processing file /opt/airflow/dags/main.py for tasks to queue
[2025-05-03T13:13:00.435+0000] {logging_mixin.py:190} INFO - [2025-05-03T13:13:00.434+0000] {dagbag.py:588} INFO - Filling up the DagBag from /opt/airflow/dags/main.py
[2025-05-03T13:13:01.475+0000] {processor.py:927} WARNING - No viable dags retrieved from /opt/airflow/dags/main.py
[2025-05-03T13:13:01.500+0000] {processor.py:208} INFO - Processing /opt/airflow/dags/main.py took 1.078 seconds
[2025-05-03T13:13:31.914+0000] {processor.py:186} INFO - Started process (PID=410) to work on /opt/airflow/dags/main.py
[2025-05-03T13:13:31.915+0000] {processor.py:914} INFO - Processing file /opt/airflow/dags/main.py for tasks to queue
[2025-05-03T13:13:31.918+0000] {logging_mixin.py:190} INFO - [2025-05-03T13:13:31.917+0000] {dagbag.py:588} INFO - Filling up the DagBag from /opt/airflow/dags/main.py
[2025-05-03T13:13:32.441+0000] {processor.py:927} WARNING - No viable dags retrieved from /opt/airflow/dags/main.py
[2025-05-03T13:13:32.458+0000] {processor.py:208} INFO - Processing /opt/airflow/dags/main.py took 0.550 seconds
[2025-05-03T13:14:03.035+0000] {processor.py:186} INFO - Started process (PID=422) to work on /opt/airflow/dags/main.py
[2025-05-03T13:14:03.036+0000] {processor.py:914} INFO - Processing file /opt/airflow/dags/main.py for tasks to queue
[2025-05-03T13:14:03.039+0000] {logging_mixin.py:190} INFO - [2025-05-03T13:14:03.039+0000] {dagbag.py:588} INFO - Filling up the DagBag from /opt/airflow/dags/main.py
[2025-05-03T13:14:04.198+0000] {processor.py:927} WARNING - No viable dags retrieved from /opt/airflow/dags/main.py
[2025-05-03T13:14:04.216+0000] {processor.py:208} INFO - Processing /opt/airflow/dags/main.py took 1.191 seconds
[2025-05-03T13:14:34.677+0000] {processor.py:186} INFO - Started process (PID=434) to work on /opt/airflow/dags/main.py
[2025-05-03T13:14:34.678+0000] {processor.py:914} INFO - Processing file /opt/airflow/dags/main.py for tasks to queue
[2025-05-03T13:14:34.681+0000] {logging_mixin.py:190} INFO - [2025-05-03T13:14:34.680+0000] {dagbag.py:588} INFO - Filling up the DagBag from /opt/airflow/dags/main.py
[2025-05-03T13:14:35.063+0000] {processor.py:927} WARNING - No viable dags retrieved from /opt/airflow/dags/main.py
[2025-05-03T13:14:35.076+0000] {processor.py:208} INFO - Processing /opt/airflow/dags/main.py took 0.405 seconds
[2025-05-03T13:15:05.258+0000] {processor.py:186} INFO - Started process (PID=446) to work on /opt/airflow/dags/main.py
[2025-05-03T13:15:05.260+0000] {processor.py:914} INFO - Processing file /opt/airflow/dags/main.py for tasks to queue
[2025-05-03T13:15:05.262+0000] {logging_mixin.py:190} INFO - [2025-05-03T13:15:05.262+0000] {dagbag.py:588} INFO - Filling up the DagBag from /opt/airflow/dags/main.py
[2025-05-03T13:15:05.673+0000] {processor.py:927} WARNING - No viable dags retrieved from /opt/airflow/dags/main.py
[2025-05-03T13:15:05.685+0000] {processor.py:208} INFO - Processing /opt/airflow/dags/main.py took 0.433 seconds
[2025-05-03T13:15:36.184+0000] {processor.py:186} INFO - Started process (PID=459) to work on /opt/airflow/dags/main.py
[2025-05-03T13:15:36.189+0000] {processor.py:914} INFO - Processing file /opt/airflow/dags/main.py for tasks to queue
[2025-05-03T13:15:36.193+0000] {logging_mixin.py:190} INFO - [2025-05-03T13:15:36.193+0000] {dagbag.py:588} INFO - Filling up the DagBag from /opt/airflow/dags/main.py
[2025-05-03T13:15:36.884+0000] {processor.py:927} WARNING - No viable dags retrieved from /opt/airflow/dags/main.py
[2025-05-03T13:15:36.901+0000] {processor.py:208} INFO - Processing /opt/airflow/dags/main.py took 0.726 seconds
[2025-05-03T13:16:08.262+0000] {processor.py:186} INFO - Started process (PID=472) to work on /opt/airflow/dags/main.py
[2025-05-03T13:16:08.268+0000] {processor.py:914} INFO - Processing file /opt/airflow/dags/main.py for tasks to queue
[2025-05-03T13:16:08.272+0000] {logging_mixin.py:190} INFO - [2025-05-03T13:16:08.271+0000] {dagbag.py:588} INFO - Filling up the DagBag from /opt/airflow/dags/main.py
[2025-05-03T13:16:09.168+0000] {processor.py:927} WARNING - No viable dags retrieved from /opt/airflow/dags/main.py
[2025-05-03T13:16:09.186+0000] {processor.py:208} INFO - Processing /opt/airflow/dags/main.py took 0.939 seconds
[2025-05-03T13:16:40.422+0000] {processor.py:186} INFO - Started process (PID=483) to work on /opt/airflow/dags/main.py
[2025-05-03T13:16:40.425+0000] {processor.py:914} INFO - Processing file /opt/airflow/dags/main.py for tasks to queue
[2025-05-03T13:16:40.431+0000] {logging_mixin.py:190} INFO - [2025-05-03T13:16:40.431+0000] {dagbag.py:588} INFO - Filling up the DagBag from /opt/airflow/dags/main.py
[2025-05-03T13:16:41.130+0000] {processor.py:927} WARNING - No viable dags retrieved from /opt/airflow/dags/main.py
[2025-05-03T13:16:41.148+0000] {processor.py:208} INFO - Processing /opt/airflow/dags/main.py took 0.738 seconds
[2025-05-03T13:17:11.725+0000] {processor.py:186} INFO - Started process (PID=497) to work on /opt/airflow/dags/main.py
[2025-05-03T13:17:11.727+0000] {processor.py:914} INFO - Processing file /opt/airflow/dags/main.py for tasks to queue
[2025-05-03T13:17:11.730+0000] {logging_mixin.py:190} INFO - [2025-05-03T13:17:11.730+0000] {dagbag.py:588} INFO - Filling up the DagBag from /opt/airflow/dags/main.py
[2025-05-03T13:17:12.324+0000] {processor.py:927} WARNING - No viable dags retrieved from /opt/airflow/dags/main.py
[2025-05-03T13:17:12.341+0000] {processor.py:208} INFO - Processing /opt/airflow/dags/main.py took 0.624 seconds
[2025-05-03T13:17:42.774+0000] {processor.py:186} INFO - Started process (PID=508) to work on /opt/airflow/dags/main.py
[2025-05-03T13:17:42.776+0000] {processor.py:914} INFO - Processing file /opt/airflow/dags/main.py for tasks to queue
[2025-05-03T13:17:42.779+0000] {logging_mixin.py:190} INFO - [2025-05-03T13:17:42.779+0000] {dagbag.py:588} INFO - Filling up the DagBag from /opt/airflow/dags/main.py
[2025-05-03T13:17:44.129+0000] {processor.py:927} WARNING - No viable dags retrieved from /opt/airflow/dags/main.py
[2025-05-03T13:17:44.150+0000] {processor.py:208} INFO - Processing /opt/airflow/dags/main.py took 1.383 seconds
[2025-05-03T13:18:14.669+0000] {processor.py:186} INFO - Started process (PID=520) to work on /opt/airflow/dags/main.py
[2025-05-03T13:18:14.673+0000] {processor.py:914} INFO - Processing file /opt/airflow/dags/main.py for tasks to queue
[2025-05-03T13:18:14.679+0000] {logging_mixin.py:190} INFO - [2025-05-03T13:18:14.679+0000] {dagbag.py:588} INFO - Filling up the DagBag from /opt/airflow/dags/main.py
[2025-05-03T13:18:15.297+0000] {processor.py:927} WARNING - No viable dags retrieved from /opt/airflow/dags/main.py
[2025-05-03T13:18:15.314+0000] {processor.py:208} INFO - Processing /opt/airflow/dags/main.py took 0.661 seconds
[2025-05-03T13:18:46.083+0000] {processor.py:186} INFO - Started process (PID=531) to work on /opt/airflow/dags/main.py
[2025-05-03T13:18:46.093+0000] {processor.py:914} INFO - Processing file /opt/airflow/dags/main.py for tasks to queue
[2025-05-03T13:18:46.100+0000] {logging_mixin.py:190} INFO - [2025-05-03T13:18:46.099+0000] {dagbag.py:588} INFO - Filling up the DagBag from /opt/airflow/dags/main.py
[2025-05-03T13:18:46.653+0000] {processor.py:927} WARNING - No viable dags retrieved from /opt/airflow/dags/main.py
[2025-05-03T13:18:46.668+0000] {processor.py:208} INFO - Processing /opt/airflow/dags/main.py took 0.596 seconds
[2025-05-03T13:19:17.418+0000] {processor.py:186} INFO - Started process (PID=543) to work on /opt/airflow/dags/main.py
[2025-05-03T13:19:17.420+0000] {processor.py:914} INFO - Processing file /opt/airflow/dags/main.py for tasks to queue
[2025-05-03T13:19:17.426+0000] {logging_mixin.py:190} INFO - [2025-05-03T13:19:17.425+0000] {dagbag.py:588} INFO - Filling up the DagBag from /opt/airflow/dags/main.py
[2025-05-03T13:19:18.057+0000] {processor.py:927} WARNING - No viable dags retrieved from /opt/airflow/dags/main.py
[2025-05-03T13:19:18.074+0000] {processor.py:208} INFO - Processing /opt/airflow/dags/main.py took 0.664 seconds
[2025-05-03T13:19:49.096+0000] {processor.py:186} INFO - Started process (PID=555) to work on /opt/airflow/dags/main.py
[2025-05-03T13:19:49.099+0000] {processor.py:914} INFO - Processing file /opt/airflow/dags/main.py for tasks to queue
[2025-05-03T13:19:49.107+0000] {logging_mixin.py:190} INFO - [2025-05-03T13:19:49.107+0000] {dagbag.py:588} INFO - Filling up the DagBag from /opt/airflow/dags/main.py
[2025-05-03T13:19:49.955+0000] {processor.py:927} WARNING - No viable dags retrieved from /opt/airflow/dags/main.py
[2025-05-03T13:19:49.973+0000] {processor.py:208} INFO - Processing /opt/airflow/dags/main.py took 0.891 seconds
[2025-05-03T13:20:20.205+0000] {processor.py:186} INFO - Started process (PID=568) to work on /opt/airflow/dags/main.py
[2025-05-03T13:20:20.206+0000] {processor.py:914} INFO - Processing file /opt/airflow/dags/main.py for tasks to queue
[2025-05-03T13:20:20.211+0000] {logging_mixin.py:190} INFO - [2025-05-03T13:20:20.210+0000] {dagbag.py:588} INFO - Filling up the DagBag from /opt/airflow/dags/main.py
[2025-05-03T13:20:20.960+0000] {processor.py:927} WARNING - No viable dags retrieved from /opt/airflow/dags/main.py
[2025-05-03T13:20:21.007+0000] {processor.py:208} INFO - Processing /opt/airflow/dags/main.py took 0.816 seconds
[2025-05-03T13:20:51.715+0000] {processor.py:186} INFO - Started process (PID=579) to work on /opt/airflow/dags/main.py
[2025-05-03T13:20:51.722+0000] {processor.py:914} INFO - Processing file /opt/airflow/dags/main.py for tasks to queue
[2025-05-03T13:20:51.729+0000] {logging_mixin.py:190} INFO - [2025-05-03T13:20:51.728+0000] {dagbag.py:588} INFO - Filling up the DagBag from /opt/airflow/dags/main.py
[2025-05-03T13:20:52.440+0000] {processor.py:927} WARNING - No viable dags retrieved from /opt/airflow/dags/main.py
[2025-05-03T13:20:52.456+0000] {processor.py:208} INFO - Processing /opt/airflow/dags/main.py took 0.756 seconds
