[2025-05-03T12:58:52.278+0000] {processor.py:186} INFO - Started process (PID=61) to work on /opt/airflow/dags/nashville.py
[2025-05-03T12:58:52.284+0000] {processor.py:914} INFO - Processing file /opt/airflow/dags/nashville.py for tasks to queue
[2025-05-03T12:58:52.294+0000] {logging_mixin.py:190} INFO - [2025-05-03T12:58:52.293+0000] {dagbag.py:588} INFO - Filling up the DagBag from /opt/airflow/dags/nashville.py
[2025-05-03T12:58:55.182+0000] {processor.py:925} INFO - DAG(s) 'nashville_data' retrieved from /opt/airflow/dags/nashville.py
[2025-05-03T12:58:55.378+0000] {logging_mixin.py:190} INFO - [2025-05-03T12:58:55.377+0000] {dag.py:3239} INFO - Sync 1 DAGs
[2025-05-03T12:58:55.528+0000] {logging_mixin.py:190} INFO - [2025-05-03T12:58:55.528+0000] {dag.py:4180} INFO - Setting next_dagrun for nashville_data to 2025-05-03 12:55:00+00:00, run_after=2025-05-03 13:00:00+00:00
[2025-05-03T12:58:55.582+0000] {processor.py:208} INFO - Processing /opt/airflow/dags/nashville.py took 3.330 seconds
[2025-05-03T12:59:26.180+0000] {processor.py:186} INFO - Started process (PID=79) to work on /opt/airflow/dags/nashville.py
[2025-05-03T12:59:26.183+0000] {processor.py:914} INFO - Processing file /opt/airflow/dags/nashville.py for tasks to queue
[2025-05-03T12:59:26.193+0000] {logging_mixin.py:190} INFO - [2025-05-03T12:59:26.191+0000] {dagbag.py:588} INFO - Filling up the DagBag from /opt/airflow/dags/nashville.py
[2025-05-03T12:59:26.905+0000] {processor.py:925} INFO - DAG(s) 'nashville_data' retrieved from /opt/airflow/dags/nashville.py
[2025-05-03T12:59:26.932+0000] {logging_mixin.py:190} INFO - [2025-05-03T12:59:26.931+0000] {dag.py:3239} INFO - Sync 1 DAGs
[2025-05-03T12:59:26.982+0000] {logging_mixin.py:190} INFO - [2025-05-03T12:59:26.982+0000] {dag.py:4180} INFO - Setting next_dagrun for nashville_data to 2025-05-03 12:55:00+00:00, run_after=2025-05-03 13:00:00+00:00
[2025-05-03T12:59:27.038+0000] {processor.py:208} INFO - Processing /opt/airflow/dags/nashville.py took 0.877 seconds
[2025-05-03T12:59:57.321+0000] {processor.py:186} INFO - Started process (PID=91) to work on /opt/airflow/dags/nashville.py
[2025-05-03T12:59:57.323+0000] {processor.py:914} INFO - Processing file /opt/airflow/dags/nashville.py for tasks to queue
[2025-05-03T12:59:57.335+0000] {logging_mixin.py:190} INFO - [2025-05-03T12:59:57.335+0000] {dagbag.py:588} INFO - Filling up the DagBag from /opt/airflow/dags/nashville.py
[2025-05-03T12:59:58.616+0000] {processor.py:925} INFO - DAG(s) 'nashville_data' retrieved from /opt/airflow/dags/nashville.py
[2025-05-03T12:59:58.657+0000] {logging_mixin.py:190} INFO - [2025-05-03T12:59:58.656+0000] {dag.py:3239} INFO - Sync 1 DAGs
[2025-05-03T12:59:58.693+0000] {logging_mixin.py:190} INFO - [2025-05-03T12:59:58.692+0000] {dag.py:4180} INFO - Setting next_dagrun for nashville_data to 2025-05-03 12:55:00+00:00, run_after=2025-05-03 13:00:00+00:00
[2025-05-03T12:59:58.722+0000] {processor.py:208} INFO - Processing /opt/airflow/dags/nashville.py took 1.408 seconds
[2025-05-03T13:00:29.075+0000] {processor.py:186} INFO - Started process (PID=103) to work on /opt/airflow/dags/nashville.py
[2025-05-03T13:00:29.083+0000] {processor.py:914} INFO - Processing file /opt/airflow/dags/nashville.py for tasks to queue
[2025-05-03T13:00:29.104+0000] {logging_mixin.py:190} INFO - [2025-05-03T13:00:29.103+0000] {dagbag.py:588} INFO - Filling up the DagBag from /opt/airflow/dags/nashville.py
[2025-05-03T13:00:29.830+0000] {processor.py:925} INFO - DAG(s) 'nashville_data' retrieved from /opt/airflow/dags/nashville.py
[2025-05-03T13:00:29.854+0000] {logging_mixin.py:190} INFO - [2025-05-03T13:00:29.853+0000] {dag.py:3239} INFO - Sync 1 DAGs
[2025-05-03T13:00:29.878+0000] {logging_mixin.py:190} INFO - [2025-05-03T13:00:29.877+0000] {dag.py:4180} INFO - Setting next_dagrun for nashville_data to 2025-05-03 13:00:00+00:00, run_after=2025-05-03 13:05:00+00:00
[2025-05-03T13:00:29.908+0000] {processor.py:208} INFO - Processing /opt/airflow/dags/nashville.py took 0.841 seconds
[2025-05-03T13:01:00.926+0000] {processor.py:186} INFO - Started process (PID=115) to work on /opt/airflow/dags/nashville.py
[2025-05-03T13:01:00.928+0000] {processor.py:914} INFO - Processing file /opt/airflow/dags/nashville.py for tasks to queue
[2025-05-03T13:01:00.940+0000] {logging_mixin.py:190} INFO - [2025-05-03T13:01:00.939+0000] {dagbag.py:588} INFO - Filling up the DagBag from /opt/airflow/dags/nashville.py
[2025-05-03T13:01:01.744+0000] {processor.py:925} INFO - DAG(s) 'nashville_data' retrieved from /opt/airflow/dags/nashville.py
[2025-05-03T13:01:01.770+0000] {logging_mixin.py:190} INFO - [2025-05-03T13:01:01.770+0000] {dag.py:3239} INFO - Sync 1 DAGs
[2025-05-03T13:01:01.793+0000] {logging_mixin.py:190} INFO - [2025-05-03T13:01:01.793+0000] {dag.py:4180} INFO - Setting next_dagrun for nashville_data to 2025-05-03 13:00:00+00:00, run_after=2025-05-03 13:05:00+00:00
[2025-05-03T13:01:01.833+0000] {processor.py:208} INFO - Processing /opt/airflow/dags/nashville.py took 0.916 seconds
[2025-05-03T13:01:32.712+0000] {processor.py:186} INFO - Started process (PID=127) to work on /opt/airflow/dags/nashville.py
[2025-05-03T13:01:32.713+0000] {processor.py:914} INFO - Processing file /opt/airflow/dags/nashville.py for tasks to queue
[2025-05-03T13:01:32.716+0000] {logging_mixin.py:190} INFO - [2025-05-03T13:01:32.715+0000] {dagbag.py:588} INFO - Filling up the DagBag from /opt/airflow/dags/nashville.py
[2025-05-03T13:01:33.824+0000] {processor.py:925} INFO - DAG(s) 'nashville_data' retrieved from /opt/airflow/dags/nashville.py
[2025-05-03T13:01:33.848+0000] {logging_mixin.py:190} INFO - [2025-05-03T13:01:33.848+0000] {dag.py:3239} INFO - Sync 1 DAGs
[2025-05-03T13:01:33.875+0000] {logging_mixin.py:190} INFO - [2025-05-03T13:01:33.875+0000] {dag.py:4180} INFO - Setting next_dagrun for nashville_data to 2025-05-03 13:00:00+00:00, run_after=2025-05-03 13:05:00+00:00
[2025-05-03T13:01:33.891+0000] {processor.py:208} INFO - Processing /opt/airflow/dags/nashville.py took 1.185 seconds
[2025-05-03T13:02:04.660+0000] {processor.py:186} INFO - Started process (PID=139) to work on /opt/airflow/dags/nashville.py
[2025-05-03T13:02:04.661+0000] {processor.py:914} INFO - Processing file /opt/airflow/dags/nashville.py for tasks to queue
[2025-05-03T13:02:04.665+0000] {logging_mixin.py:190} INFO - [2025-05-03T13:02:04.664+0000] {dagbag.py:588} INFO - Filling up the DagBag from /opt/airflow/dags/nashville.py
[2025-05-03T13:02:05.375+0000] {processor.py:925} INFO - DAG(s) 'nashville_data' retrieved from /opt/airflow/dags/nashville.py
[2025-05-03T13:02:05.399+0000] {logging_mixin.py:190} INFO - [2025-05-03T13:02:05.398+0000] {dag.py:3239} INFO - Sync 1 DAGs
[2025-05-03T13:02:05.424+0000] {logging_mixin.py:190} INFO - [2025-05-03T13:02:05.423+0000] {dag.py:4180} INFO - Setting next_dagrun for nashville_data to 2025-05-03 13:00:00+00:00, run_after=2025-05-03 13:05:00+00:00
[2025-05-03T13:02:05.445+0000] {processor.py:208} INFO - Processing /opt/airflow/dags/nashville.py took 0.792 seconds
[2025-05-03T13:02:36.485+0000] {processor.py:186} INFO - Started process (PID=151) to work on /opt/airflow/dags/nashville.py
[2025-05-03T13:02:36.500+0000] {processor.py:914} INFO - Processing file /opt/airflow/dags/nashville.py for tasks to queue
[2025-05-03T13:02:36.518+0000] {logging_mixin.py:190} INFO - [2025-05-03T13:02:36.517+0000] {dagbag.py:588} INFO - Filling up the DagBag from /opt/airflow/dags/nashville.py
[2025-05-03T13:02:37.287+0000] {processor.py:925} INFO - DAG(s) 'nashville_data' retrieved from /opt/airflow/dags/nashville.py
[2025-05-03T13:02:37.313+0000] {logging_mixin.py:190} INFO - [2025-05-03T13:02:37.312+0000] {dag.py:3239} INFO - Sync 1 DAGs
[2025-05-03T13:02:37.338+0000] {logging_mixin.py:190} INFO - [2025-05-03T13:02:37.338+0000] {dag.py:4180} INFO - Setting next_dagrun for nashville_data to 2025-05-03 13:00:00+00:00, run_after=2025-05-03 13:05:00+00:00
[2025-05-03T13:02:37.357+0000] {processor.py:208} INFO - Processing /opt/airflow/dags/nashville.py took 0.879 seconds
[2025-05-03T13:03:07.844+0000] {processor.py:186} INFO - Started process (PID=164) to work on /opt/airflow/dags/nashville.py
[2025-05-03T13:03:07.846+0000] {processor.py:914} INFO - Processing file /opt/airflow/dags/nashville.py for tasks to queue
[2025-05-03T13:03:07.848+0000] {logging_mixin.py:190} INFO - [2025-05-03T13:03:07.848+0000] {dagbag.py:588} INFO - Filling up the DagBag from /opt/airflow/dags/nashville.py
[2025-05-03T13:03:08.637+0000] {processor.py:925} INFO - DAG(s) 'nashville_data' retrieved from /opt/airflow/dags/nashville.py
[2025-05-03T13:03:08.676+0000] {logging_mixin.py:190} INFO - [2025-05-03T13:03:08.676+0000] {dag.py:3239} INFO - Sync 1 DAGs
[2025-05-03T13:03:08.722+0000] {logging_mixin.py:190} INFO - [2025-05-03T13:03:08.721+0000] {dag.py:4180} INFO - Setting next_dagrun for nashville_data to 2025-05-03 13:00:00+00:00, run_after=2025-05-03 13:05:00+00:00
[2025-05-03T13:03:08.759+0000] {processor.py:208} INFO - Processing /opt/airflow/dags/nashville.py took 0.920 seconds
[2025-05-03T13:03:39.209+0000] {processor.py:186} INFO - Started process (PID=175) to work on /opt/airflow/dags/nashville.py
[2025-05-03T13:03:39.210+0000] {processor.py:914} INFO - Processing file /opt/airflow/dags/nashville.py for tasks to queue
[2025-05-03T13:03:39.213+0000] {logging_mixin.py:190} INFO - [2025-05-03T13:03:39.212+0000] {dagbag.py:588} INFO - Filling up the DagBag from /opt/airflow/dags/nashville.py
[2025-05-03T13:03:39.881+0000] {processor.py:925} INFO - DAG(s) 'nashville_data' retrieved from /opt/airflow/dags/nashville.py
[2025-05-03T13:03:39.906+0000] {logging_mixin.py:190} INFO - [2025-05-03T13:03:39.906+0000] {dag.py:3239} INFO - Sync 1 DAGs
[2025-05-03T13:03:39.931+0000] {logging_mixin.py:190} INFO - [2025-05-03T13:03:39.930+0000] {dag.py:4180} INFO - Setting next_dagrun for nashville_data to 2025-05-03 13:00:00+00:00, run_after=2025-05-03 13:05:00+00:00
[2025-05-03T13:03:39.952+0000] {processor.py:208} INFO - Processing /opt/airflow/dags/nashville.py took 0.750 seconds
[2025-05-03T13:04:10.462+0000] {processor.py:186} INFO - Started process (PID=187) to work on /opt/airflow/dags/nashville.py
[2025-05-03T13:04:10.466+0000] {processor.py:914} INFO - Processing file /opt/airflow/dags/nashville.py for tasks to queue
[2025-05-03T13:04:10.470+0000] {logging_mixin.py:190} INFO - [2025-05-03T13:04:10.470+0000] {dagbag.py:588} INFO - Filling up the DagBag from /opt/airflow/dags/nashville.py
[2025-05-03T13:04:10.996+0000] {processor.py:925} INFO - DAG(s) 'nashville_data' retrieved from /opt/airflow/dags/nashville.py
[2025-05-03T13:04:11.039+0000] {logging_mixin.py:190} INFO - [2025-05-03T13:04:11.037+0000] {dag.py:3239} INFO - Sync 1 DAGs
[2025-05-03T13:04:11.103+0000] {logging_mixin.py:190} INFO - [2025-05-03T13:04:11.102+0000] {dag.py:4180} INFO - Setting next_dagrun for nashville_data to 2025-05-03 13:00:00+00:00, run_after=2025-05-03 13:05:00+00:00
[2025-05-03T13:04:11.139+0000] {processor.py:208} INFO - Processing /opt/airflow/dags/nashville.py took 0.692 seconds
[2025-05-03T13:04:41.504+0000] {processor.py:186} INFO - Started process (PID=199) to work on /opt/airflow/dags/nashville.py
[2025-05-03T13:04:41.506+0000] {processor.py:914} INFO - Processing file /opt/airflow/dags/nashville.py for tasks to queue
[2025-05-03T13:04:41.511+0000] {logging_mixin.py:190} INFO - [2025-05-03T13:04:41.510+0000] {dagbag.py:588} INFO - Filling up the DagBag from /opt/airflow/dags/nashville.py
[2025-05-03T13:04:42.100+0000] {processor.py:925} INFO - DAG(s) 'nashville_data' retrieved from /opt/airflow/dags/nashville.py
[2025-05-03T13:04:42.130+0000] {logging_mixin.py:190} INFO - [2025-05-03T13:04:42.130+0000] {dag.py:3239} INFO - Sync 1 DAGs
[2025-05-03T13:04:42.155+0000] {logging_mixin.py:190} INFO - [2025-05-03T13:04:42.155+0000] {dag.py:4180} INFO - Setting next_dagrun for nashville_data to 2025-05-03 13:00:00+00:00, run_after=2025-05-03 13:05:00+00:00
[2025-05-03T13:04:42.175+0000] {processor.py:208} INFO - Processing /opt/airflow/dags/nashville.py took 0.677 seconds
[2025-05-03T13:05:13.096+0000] {processor.py:186} INFO - Started process (PID=211) to work on /opt/airflow/dags/nashville.py
[2025-05-03T13:05:13.110+0000] {processor.py:914} INFO - Processing file /opt/airflow/dags/nashville.py for tasks to queue
[2025-05-03T13:05:13.124+0000] {logging_mixin.py:190} INFO - [2025-05-03T13:05:13.124+0000] {dagbag.py:588} INFO - Filling up the DagBag from /opt/airflow/dags/nashville.py
[2025-05-03T13:05:14.792+0000] {processor.py:925} INFO - DAG(s) 'nashville_data' retrieved from /opt/airflow/dags/nashville.py
[2025-05-03T13:05:14.823+0000] {logging_mixin.py:190} INFO - [2025-05-03T13:05:14.823+0000] {dag.py:3239} INFO - Sync 1 DAGs
[2025-05-03T13:05:14.856+0000] {logging_mixin.py:190} INFO - [2025-05-03T13:05:14.856+0000] {dag.py:4180} INFO - Setting next_dagrun for nashville_data to 2025-05-03 13:05:00+00:00, run_after=2025-05-03 13:10:00+00:00
[2025-05-03T13:05:14.884+0000] {processor.py:208} INFO - Processing /opt/airflow/dags/nashville.py took 1.808 seconds
[2025-05-03T13:05:45.353+0000] {processor.py:186} INFO - Started process (PID=223) to work on /opt/airflow/dags/nashville.py
[2025-05-03T13:05:45.354+0000] {processor.py:914} INFO - Processing file /opt/airflow/dags/nashville.py for tasks to queue
[2025-05-03T13:05:45.359+0000] {logging_mixin.py:190} INFO - [2025-05-03T13:05:45.359+0000] {dagbag.py:588} INFO - Filling up the DagBag from /opt/airflow/dags/nashville.py
[2025-05-03T13:05:45.947+0000] {processor.py:925} INFO - DAG(s) 'nashville_data' retrieved from /opt/airflow/dags/nashville.py
[2025-05-03T13:05:45.980+0000] {logging_mixin.py:190} INFO - [2025-05-03T13:05:45.980+0000] {dag.py:3239} INFO - Sync 1 DAGs
[2025-05-03T13:05:46.015+0000] {logging_mixin.py:190} INFO - [2025-05-03T13:05:46.015+0000] {dag.py:4180} INFO - Setting next_dagrun for nashville_data to 2025-05-03 13:05:00+00:00, run_after=2025-05-03 13:10:00+00:00
[2025-05-03T13:05:46.048+0000] {processor.py:208} INFO - Processing /opt/airflow/dags/nashville.py took 0.703 seconds
[2025-05-03T13:06:16.837+0000] {processor.py:186} INFO - Started process (PID=235) to work on /opt/airflow/dags/nashville.py
[2025-05-03T13:06:16.839+0000] {processor.py:914} INFO - Processing file /opt/airflow/dags/nashville.py for tasks to queue
[2025-05-03T13:06:16.841+0000] {logging_mixin.py:190} INFO - [2025-05-03T13:06:16.841+0000] {dagbag.py:588} INFO - Filling up the DagBag from /opt/airflow/dags/nashville.py
[2025-05-03T13:06:17.337+0000] {processor.py:925} INFO - DAG(s) 'nashville_data' retrieved from /opt/airflow/dags/nashville.py
[2025-05-03T13:06:17.366+0000] {logging_mixin.py:190} INFO - [2025-05-03T13:06:17.366+0000] {dag.py:3239} INFO - Sync 1 DAGs
[2025-05-03T13:06:17.391+0000] {logging_mixin.py:190} INFO - [2025-05-03T13:06:17.391+0000] {dag.py:4180} INFO - Setting next_dagrun for nashville_data to 2025-05-03 13:05:00+00:00, run_after=2025-05-03 13:10:00+00:00
[2025-05-03T13:06:17.413+0000] {processor.py:208} INFO - Processing /opt/airflow/dags/nashville.py took 0.583 seconds
[2025-05-03T13:06:47.729+0000] {processor.py:186} INFO - Started process (PID=247) to work on /opt/airflow/dags/nashville.py
[2025-05-03T13:06:47.740+0000] {processor.py:914} INFO - Processing file /opt/airflow/dags/nashville.py for tasks to queue
[2025-05-03T13:06:47.757+0000] {logging_mixin.py:190} INFO - [2025-05-03T13:06:47.757+0000] {dagbag.py:588} INFO - Filling up the DagBag from /opt/airflow/dags/nashville.py
[2025-05-03T13:06:48.888+0000] {processor.py:925} INFO - DAG(s) 'nashville_data' retrieved from /opt/airflow/dags/nashville.py
[2025-05-03T13:06:48.930+0000] {logging_mixin.py:190} INFO - [2025-05-03T13:06:48.929+0000] {dag.py:3239} INFO - Sync 1 DAGs
[2025-05-03T13:06:48.961+0000] {logging_mixin.py:190} INFO - [2025-05-03T13:06:48.961+0000] {dag.py:4180} INFO - Setting next_dagrun for nashville_data to 2025-05-03 13:05:00+00:00, run_after=2025-05-03 13:10:00+00:00
[2025-05-03T13:06:48.983+0000] {processor.py:208} INFO - Processing /opt/airflow/dags/nashville.py took 1.262 seconds
[2025-05-03T13:07:19.080+0000] {processor.py:186} INFO - Started process (PID=261) to work on /opt/airflow/dags/nashville.py
[2025-05-03T13:07:19.081+0000] {processor.py:914} INFO - Processing file /opt/airflow/dags/nashville.py for tasks to queue
[2025-05-03T13:07:19.084+0000] {logging_mixin.py:190} INFO - [2025-05-03T13:07:19.084+0000] {dagbag.py:588} INFO - Filling up the DagBag from /opt/airflow/dags/nashville.py
[2025-05-03T13:07:19.601+0000] {processor.py:925} INFO - DAG(s) 'nashville_data' retrieved from /opt/airflow/dags/nashville.py
[2025-05-03T13:07:19.627+0000] {logging_mixin.py:190} INFO - [2025-05-03T13:07:19.627+0000] {dag.py:3239} INFO - Sync 1 DAGs
[2025-05-03T13:07:19.657+0000] {logging_mixin.py:190} INFO - [2025-05-03T13:07:19.657+0000] {dag.py:4180} INFO - Setting next_dagrun for nashville_data to 2025-05-03 13:05:00+00:00, run_after=2025-05-03 13:10:00+00:00
[2025-05-03T13:07:19.679+0000] {processor.py:208} INFO - Processing /opt/airflow/dags/nashville.py took 0.606 seconds
[2025-05-03T13:07:50.162+0000] {processor.py:186} INFO - Started process (PID=271) to work on /opt/airflow/dags/nashville.py
[2025-05-03T13:07:50.164+0000] {processor.py:914} INFO - Processing file /opt/airflow/dags/nashville.py for tasks to queue
[2025-05-03T13:07:50.169+0000] {logging_mixin.py:190} INFO - [2025-05-03T13:07:50.168+0000] {dagbag.py:588} INFO - Filling up the DagBag from /opt/airflow/dags/nashville.py
[2025-05-03T13:07:50.711+0000] {processor.py:925} INFO - DAG(s) 'nashville_data' retrieved from /opt/airflow/dags/nashville.py
[2025-05-03T13:07:50.741+0000] {logging_mixin.py:190} INFO - [2025-05-03T13:07:50.740+0000] {dag.py:3239} INFO - Sync 1 DAGs
[2025-05-03T13:07:50.775+0000] {logging_mixin.py:190} INFO - [2025-05-03T13:07:50.775+0000] {dag.py:4180} INFO - Setting next_dagrun for nashville_data to 2025-05-03 13:05:00+00:00, run_after=2025-05-03 13:10:00+00:00
[2025-05-03T13:07:50.798+0000] {processor.py:208} INFO - Processing /opt/airflow/dags/nashville.py took 0.645 seconds
[2025-05-03T13:08:20.909+0000] {processor.py:186} INFO - Started process (PID=283) to work on /opt/airflow/dags/nashville.py
[2025-05-03T13:08:20.910+0000] {processor.py:914} INFO - Processing file /opt/airflow/dags/nashville.py for tasks to queue
[2025-05-03T13:08:20.920+0000] {logging_mixin.py:190} INFO - [2025-05-03T13:08:20.917+0000] {dagbag.py:588} INFO - Filling up the DagBag from /opt/airflow/dags/nashville.py
[2025-05-03T13:08:21.757+0000] {processor.py:925} INFO - DAG(s) 'nashville_data' retrieved from /opt/airflow/dags/nashville.py
[2025-05-03T13:08:21.791+0000] {logging_mixin.py:190} INFO - [2025-05-03T13:08:21.790+0000] {dag.py:3239} INFO - Sync 1 DAGs
[2025-05-03T13:08:21.825+0000] {logging_mixin.py:190} INFO - [2025-05-03T13:08:21.825+0000] {dag.py:4180} INFO - Setting next_dagrun for nashville_data to 2025-05-03 13:05:00+00:00, run_after=2025-05-03 13:10:00+00:00
[2025-05-03T13:08:21.851+0000] {processor.py:208} INFO - Processing /opt/airflow/dags/nashville.py took 0.949 seconds
[2025-05-03T13:08:52.521+0000] {processor.py:186} INFO - Started process (PID=297) to work on /opt/airflow/dags/nashville.py
[2025-05-03T13:08:52.522+0000] {processor.py:914} INFO - Processing file /opt/airflow/dags/nashville.py for tasks to queue
[2025-05-03T13:08:52.524+0000] {logging_mixin.py:190} INFO - [2025-05-03T13:08:52.524+0000] {dagbag.py:588} INFO - Filling up the DagBag from /opt/airflow/dags/nashville.py
[2025-05-03T13:08:53.059+0000] {processor.py:925} INFO - DAG(s) 'nashville_data' retrieved from /opt/airflow/dags/nashville.py
[2025-05-03T13:08:53.094+0000] {logging_mixin.py:190} INFO - [2025-05-03T13:08:53.094+0000] {dag.py:3239} INFO - Sync 1 DAGs
[2025-05-03T13:08:53.126+0000] {logging_mixin.py:190} INFO - [2025-05-03T13:08:53.125+0000] {dag.py:4180} INFO - Setting next_dagrun for nashville_data to 2025-05-03 13:05:00+00:00, run_after=2025-05-03 13:10:00+00:00
[2025-05-03T13:08:53.156+0000] {processor.py:208} INFO - Processing /opt/airflow/dags/nashville.py took 0.642 seconds
[2025-05-03T13:09:23.718+0000] {processor.py:186} INFO - Started process (PID=311) to work on /opt/airflow/dags/nashville.py
[2025-05-03T13:09:23.719+0000] {processor.py:914} INFO - Processing file /opt/airflow/dags/nashville.py for tasks to queue
[2025-05-03T13:09:23.722+0000] {logging_mixin.py:190} INFO - [2025-05-03T13:09:23.721+0000] {dagbag.py:588} INFO - Filling up the DagBag from /opt/airflow/dags/nashville.py
[2025-05-03T13:09:24.274+0000] {processor.py:925} INFO - DAG(s) 'nashville_data' retrieved from /opt/airflow/dags/nashville.py
[2025-05-03T13:09:24.300+0000] {logging_mixin.py:190} INFO - [2025-05-03T13:09:24.299+0000] {dag.py:3239} INFO - Sync 1 DAGs
[2025-05-03T13:09:24.326+0000] {logging_mixin.py:190} INFO - [2025-05-03T13:09:24.326+0000] {dag.py:4180} INFO - Setting next_dagrun for nashville_data to 2025-05-03 13:05:00+00:00, run_after=2025-05-03 13:10:00+00:00
[2025-05-03T13:09:24.350+0000] {processor.py:208} INFO - Processing /opt/airflow/dags/nashville.py took 0.638 seconds
[2025-05-03T13:09:54.593+0000] {processor.py:186} INFO - Started process (PID=324) to work on /opt/airflow/dags/nashville.py
[2025-05-03T13:09:54.594+0000] {processor.py:914} INFO - Processing file /opt/airflow/dags/nashville.py for tasks to queue
[2025-05-03T13:09:54.598+0000] {logging_mixin.py:190} INFO - [2025-05-03T13:09:54.597+0000] {dagbag.py:588} INFO - Filling up the DagBag from /opt/airflow/dags/nashville.py
[2025-05-03T13:09:55.183+0000] {processor.py:925} INFO - DAG(s) 'nashville_data' retrieved from /opt/airflow/dags/nashville.py
[2025-05-03T13:09:55.214+0000] {logging_mixin.py:190} INFO - [2025-05-03T13:09:55.213+0000] {dag.py:3239} INFO - Sync 1 DAGs
[2025-05-03T13:09:55.244+0000] {logging_mixin.py:190} INFO - [2025-05-03T13:09:55.244+0000] {dag.py:4180} INFO - Setting next_dagrun for nashville_data to 2025-05-03 13:05:00+00:00, run_after=2025-05-03 13:10:00+00:00
[2025-05-03T13:09:55.268+0000] {processor.py:208} INFO - Processing /opt/airflow/dags/nashville.py took 0.681 seconds
[2025-05-03T13:10:25.349+0000] {processor.py:186} INFO - Started process (PID=336) to work on /opt/airflow/dags/nashville.py
[2025-05-03T13:10:25.350+0000] {processor.py:914} INFO - Processing file /opt/airflow/dags/nashville.py for tasks to queue
[2025-05-03T13:10:25.353+0000] {logging_mixin.py:190} INFO - [2025-05-03T13:10:25.353+0000] {dagbag.py:588} INFO - Filling up the DagBag from /opt/airflow/dags/nashville.py
[2025-05-03T13:10:25.925+0000] {processor.py:925} INFO - DAG(s) 'nashville_data' retrieved from /opt/airflow/dags/nashville.py
[2025-05-03T13:10:25.963+0000] {logging_mixin.py:190} INFO - [2025-05-03T13:10:25.962+0000] {dag.py:3239} INFO - Sync 1 DAGs
[2025-05-03T13:10:26.001+0000] {logging_mixin.py:190} INFO - [2025-05-03T13:10:26.000+0000] {dag.py:4180} INFO - Setting next_dagrun for nashville_data to 2025-05-03 13:10:00+00:00, run_after=2025-05-03 13:15:00+00:00
[2025-05-03T13:10:26.050+0000] {processor.py:208} INFO - Processing /opt/airflow/dags/nashville.py took 0.710 seconds
[2025-05-03T13:10:56.524+0000] {processor.py:186} INFO - Started process (PID=354) to work on /opt/airflow/dags/nashville.py
[2025-05-03T13:10:56.525+0000] {processor.py:914} INFO - Processing file /opt/airflow/dags/nashville.py for tasks to queue
[2025-05-03T13:10:56.528+0000] {logging_mixin.py:190} INFO - [2025-05-03T13:10:56.528+0000] {dagbag.py:588} INFO - Filling up the DagBag from /opt/airflow/dags/nashville.py
[2025-05-03T13:10:57.172+0000] {processor.py:925} INFO - DAG(s) 'nashville_data' retrieved from /opt/airflow/dags/nashville.py
[2025-05-03T13:10:57.205+0000] {logging_mixin.py:190} INFO - [2025-05-03T13:10:57.204+0000] {dag.py:3239} INFO - Sync 1 DAGs
[2025-05-03T13:10:57.233+0000] {logging_mixin.py:190} INFO - [2025-05-03T13:10:57.232+0000] {dag.py:4180} INFO - Setting next_dagrun for nashville_data to 2025-05-03 13:10:00+00:00, run_after=2025-05-03 13:15:00+00:00
[2025-05-03T13:10:57.254+0000] {processor.py:208} INFO - Processing /opt/airflow/dags/nashville.py took 0.735 seconds
[2025-05-03T13:11:27.712+0000] {processor.py:186} INFO - Started process (PID=366) to work on /opt/airflow/dags/nashville.py
[2025-05-03T13:11:27.713+0000] {processor.py:914} INFO - Processing file /opt/airflow/dags/nashville.py for tasks to queue
[2025-05-03T13:11:27.718+0000] {logging_mixin.py:190} INFO - [2025-05-03T13:11:27.717+0000] {dagbag.py:588} INFO - Filling up the DagBag from /opt/airflow/dags/nashville.py
[2025-05-03T13:11:28.249+0000] {processor.py:925} INFO - DAG(s) 'nashville_data' retrieved from /opt/airflow/dags/nashville.py
[2025-05-03T13:11:28.289+0000] {logging_mixin.py:190} INFO - [2025-05-03T13:11:28.288+0000] {dag.py:3239} INFO - Sync 1 DAGs
[2025-05-03T13:11:28.339+0000] {logging_mixin.py:190} INFO - [2025-05-03T13:11:28.339+0000] {dag.py:4180} INFO - Setting next_dagrun for nashville_data to 2025-05-03 13:10:00+00:00, run_after=2025-05-03 13:15:00+00:00
[2025-05-03T13:11:28.369+0000] {processor.py:208} INFO - Processing /opt/airflow/dags/nashville.py took 0.664 seconds
[2025-05-03T13:11:58.855+0000] {processor.py:186} INFO - Started process (PID=378) to work on /opt/airflow/dags/nashville.py
[2025-05-03T13:11:58.856+0000] {processor.py:914} INFO - Processing file /opt/airflow/dags/nashville.py for tasks to queue
[2025-05-03T13:11:58.859+0000] {logging_mixin.py:190} INFO - [2025-05-03T13:11:58.859+0000] {dagbag.py:588} INFO - Filling up the DagBag from /opt/airflow/dags/nashville.py
[2025-05-03T13:11:59.386+0000] {processor.py:925} INFO - DAG(s) 'nashville_data' retrieved from /opt/airflow/dags/nashville.py
[2025-05-03T13:11:59.416+0000] {logging_mixin.py:190} INFO - [2025-05-03T13:11:59.416+0000] {dag.py:3239} INFO - Sync 1 DAGs
[2025-05-03T13:11:59.448+0000] {logging_mixin.py:190} INFO - [2025-05-03T13:11:59.448+0000] {dag.py:4180} INFO - Setting next_dagrun for nashville_data to 2025-05-03 13:10:00+00:00, run_after=2025-05-03 13:15:00+00:00
[2025-05-03T13:11:59.473+0000] {processor.py:208} INFO - Processing /opt/airflow/dags/nashville.py took 0.625 seconds
[2025-05-03T13:12:30.201+0000] {processor.py:186} INFO - Started process (PID=390) to work on /opt/airflow/dags/nashville.py
[2025-05-03T13:12:30.203+0000] {processor.py:914} INFO - Processing file /opt/airflow/dags/nashville.py for tasks to queue
[2025-05-03T13:12:30.205+0000] {logging_mixin.py:190} INFO - [2025-05-03T13:12:30.205+0000] {dagbag.py:588} INFO - Filling up the DagBag from /opt/airflow/dags/nashville.py
[2025-05-03T13:12:31.975+0000] {processor.py:925} INFO - DAG(s) 'nashville_data' retrieved from /opt/airflow/dags/nashville.py
[2025-05-03T13:12:32.004+0000] {logging_mixin.py:190} INFO - [2025-05-03T13:12:32.003+0000] {dag.py:3239} INFO - Sync 1 DAGs
[2025-05-03T13:12:32.036+0000] {logging_mixin.py:190} INFO - [2025-05-03T13:12:32.036+0000] {dag.py:4180} INFO - Setting next_dagrun for nashville_data to 2025-05-03 13:10:00+00:00, run_after=2025-05-03 13:15:00+00:00
[2025-05-03T13:12:32.070+0000] {processor.py:208} INFO - Processing /opt/airflow/dags/nashville.py took 1.877 seconds
[2025-05-03T13:13:02.569+0000] {processor.py:186} INFO - Started process (PID=402) to work on /opt/airflow/dags/nashville.py
[2025-05-03T13:13:02.571+0000] {processor.py:914} INFO - Processing file /opt/airflow/dags/nashville.py for tasks to queue
[2025-05-03T13:13:02.576+0000] {logging_mixin.py:190} INFO - [2025-05-03T13:13:02.575+0000] {dagbag.py:588} INFO - Filling up the DagBag from /opt/airflow/dags/nashville.py
[2025-05-03T13:13:04.388+0000] {processor.py:925} INFO - DAG(s) 'nashville_data' retrieved from /opt/airflow/dags/nashville.py
[2025-05-03T13:13:04.426+0000] {logging_mixin.py:190} INFO - [2025-05-03T13:13:04.426+0000] {dag.py:3239} INFO - Sync 1 DAGs
[2025-05-03T13:13:04.472+0000] {logging_mixin.py:190} INFO - [2025-05-03T13:13:04.472+0000] {dag.py:4180} INFO - Setting next_dagrun for nashville_data to 2025-05-03 13:10:00+00:00, run_after=2025-05-03 13:15:00+00:00
[2025-05-03T13:13:04.500+0000] {processor.py:208} INFO - Processing /opt/airflow/dags/nashville.py took 1.939 seconds
[2025-05-03T13:13:34.885+0000] {processor.py:186} INFO - Started process (PID=414) to work on /opt/airflow/dags/nashville.py
[2025-05-03T13:13:34.887+0000] {processor.py:914} INFO - Processing file /opt/airflow/dags/nashville.py for tasks to queue
[2025-05-03T13:13:34.893+0000] {logging_mixin.py:190} INFO - [2025-05-03T13:13:34.892+0000] {dagbag.py:588} INFO - Filling up the DagBag from /opt/airflow/dags/nashville.py
[2025-05-03T13:13:36.357+0000] {processor.py:925} INFO - DAG(s) 'nashville_data' retrieved from /opt/airflow/dags/nashville.py
[2025-05-03T13:13:36.387+0000] {logging_mixin.py:190} INFO - [2025-05-03T13:13:36.386+0000] {dag.py:3239} INFO - Sync 1 DAGs
[2025-05-03T13:13:36.434+0000] {logging_mixin.py:190} INFO - [2025-05-03T13:13:36.433+0000] {dag.py:4180} INFO - Setting next_dagrun for nashville_data to 2025-05-03 13:10:00+00:00, run_after=2025-05-03 13:15:00+00:00
[2025-05-03T13:13:36.497+0000] {processor.py:208} INFO - Processing /opt/airflow/dags/nashville.py took 1.622 seconds
[2025-05-03T13:14:07.942+0000] {processor.py:186} INFO - Started process (PID=426) to work on /opt/airflow/dags/nashville.py
[2025-05-03T13:14:07.943+0000] {processor.py:914} INFO - Processing file /opt/airflow/dags/nashville.py for tasks to queue
[2025-05-03T13:14:07.947+0000] {logging_mixin.py:190} INFO - [2025-05-03T13:14:07.947+0000] {dagbag.py:588} INFO - Filling up the DagBag from /opt/airflow/dags/nashville.py
[2025-05-03T13:14:08.470+0000] {processor.py:925} INFO - DAG(s) 'nashville_data' retrieved from /opt/airflow/dags/nashville.py
[2025-05-03T13:14:08.497+0000] {logging_mixin.py:190} INFO - [2025-05-03T13:14:08.497+0000] {dag.py:3239} INFO - Sync 1 DAGs
[2025-05-03T13:14:08.522+0000] {logging_mixin.py:190} INFO - [2025-05-03T13:14:08.522+0000] {dag.py:4180} INFO - Setting next_dagrun for nashville_data to 2025-05-03 13:10:00+00:00, run_after=2025-05-03 13:15:00+00:00
[2025-05-03T13:14:08.543+0000] {processor.py:208} INFO - Processing /opt/airflow/dags/nashville.py took 0.608 seconds
[2025-05-03T13:14:39.760+0000] {processor.py:186} INFO - Started process (PID=438) to work on /opt/airflow/dags/nashville.py
[2025-05-03T13:14:39.836+0000] {processor.py:914} INFO - Processing file /opt/airflow/dags/nashville.py for tasks to queue
[2025-05-03T13:14:39.857+0000] {logging_mixin.py:190} INFO - [2025-05-03T13:14:39.856+0000] {dagbag.py:588} INFO - Filling up the DagBag from /opt/airflow/dags/nashville.py
[2025-05-03T13:14:40.494+0000] {processor.py:925} INFO - DAG(s) 'nashville_data' retrieved from /opt/airflow/dags/nashville.py
[2025-05-03T13:14:40.525+0000] {logging_mixin.py:190} INFO - [2025-05-03T13:14:40.525+0000] {dag.py:3239} INFO - Sync 1 DAGs
[2025-05-03T13:14:40.557+0000] {logging_mixin.py:190} INFO - [2025-05-03T13:14:40.556+0000] {dag.py:4180} INFO - Setting next_dagrun for nashville_data to 2025-05-03 13:10:00+00:00, run_after=2025-05-03 13:15:00+00:00
[2025-05-03T13:14:40.595+0000] {processor.py:208} INFO - Processing /opt/airflow/dags/nashville.py took 0.840 seconds
[2025-05-03T13:15:10.893+0000] {processor.py:186} INFO - Started process (PID=450) to work on /opt/airflow/dags/nashville.py
[2025-05-03T13:15:10.895+0000] {processor.py:914} INFO - Processing file /opt/airflow/dags/nashville.py for tasks to queue
[2025-05-03T13:15:10.898+0000] {logging_mixin.py:190} INFO - [2025-05-03T13:15:10.898+0000] {dagbag.py:588} INFO - Filling up the DagBag from /opt/airflow/dags/nashville.py
[2025-05-03T13:15:12.078+0000] {processor.py:925} INFO - DAG(s) 'nashville_data' retrieved from /opt/airflow/dags/nashville.py
[2025-05-03T13:15:12.111+0000] {logging_mixin.py:190} INFO - [2025-05-03T13:15:12.110+0000] {dag.py:3239} INFO - Sync 1 DAGs
[2025-05-03T13:15:12.145+0000] {logging_mixin.py:190} INFO - [2025-05-03T13:15:12.145+0000] {dag.py:4180} INFO - Setting next_dagrun for nashville_data to 2025-05-03 13:15:00+00:00, run_after=2025-05-03 13:20:00+00:00
[2025-05-03T13:15:12.169+0000] {processor.py:208} INFO - Processing /opt/airflow/dags/nashville.py took 1.283 seconds
[2025-05-03T13:15:42.300+0000] {processor.py:186} INFO - Started process (PID=463) to work on /opt/airflow/dags/nashville.py
[2025-05-03T13:15:42.304+0000] {processor.py:914} INFO - Processing file /opt/airflow/dags/nashville.py for tasks to queue
[2025-05-03T13:15:42.312+0000] {logging_mixin.py:190} INFO - [2025-05-03T13:15:42.311+0000] {dagbag.py:588} INFO - Filling up the DagBag from /opt/airflow/dags/nashville.py
[2025-05-03T13:15:43.930+0000] {processor.py:925} INFO - DAG(s) 'nashville_data' retrieved from /opt/airflow/dags/nashville.py
[2025-05-03T13:15:44.062+0000] {logging_mixin.py:190} INFO - [2025-05-03T13:15:44.061+0000] {dag.py:3239} INFO - Sync 1 DAGs
[2025-05-03T13:15:44.119+0000] {logging_mixin.py:190} INFO - [2025-05-03T13:15:44.118+0000] {dag.py:4180} INFO - Setting next_dagrun for nashville_data to 2025-05-03 13:15:00+00:00, run_after=2025-05-03 13:20:00+00:00
[2025-05-03T13:15:44.168+0000] {processor.py:208} INFO - Processing /opt/airflow/dags/nashville.py took 1.882 seconds
[2025-05-03T13:16:15.260+0000] {processor.py:186} INFO - Started process (PID=475) to work on /opt/airflow/dags/nashville.py
[2025-05-03T13:16:15.266+0000] {processor.py:914} INFO - Processing file /opt/airflow/dags/nashville.py for tasks to queue
[2025-05-03T13:16:15.275+0000] {logging_mixin.py:190} INFO - [2025-05-03T13:16:15.274+0000] {dagbag.py:588} INFO - Filling up the DagBag from /opt/airflow/dags/nashville.py
[2025-05-03T13:16:16.082+0000] {processor.py:925} INFO - DAG(s) 'nashville_data' retrieved from /opt/airflow/dags/nashville.py
[2025-05-03T13:16:16.140+0000] {logging_mixin.py:190} INFO - [2025-05-03T13:16:16.139+0000] {dag.py:3239} INFO - Sync 1 DAGs
[2025-05-03T13:16:16.189+0000] {logging_mixin.py:190} INFO - [2025-05-03T13:16:16.188+0000] {dag.py:4180} INFO - Setting next_dagrun for nashville_data to 2025-05-03 13:15:00+00:00, run_after=2025-05-03 13:20:00+00:00
[2025-05-03T13:16:16.228+0000] {processor.py:208} INFO - Processing /opt/airflow/dags/nashville.py took 0.976 seconds
[2025-05-03T13:16:46.385+0000] {processor.py:186} INFO - Started process (PID=487) to work on /opt/airflow/dags/nashville.py
[2025-05-03T13:16:46.387+0000] {processor.py:914} INFO - Processing file /opt/airflow/dags/nashville.py for tasks to queue
[2025-05-03T13:16:46.391+0000] {logging_mixin.py:190} INFO - [2025-05-03T13:16:46.390+0000] {dagbag.py:588} INFO - Filling up the DagBag from /opt/airflow/dags/nashville.py
[2025-05-03T13:16:48.825+0000] {processor.py:925} INFO - DAG(s) 'nashville_data' retrieved from /opt/airflow/dags/nashville.py
[2025-05-03T13:16:48.891+0000] {logging_mixin.py:190} INFO - [2025-05-03T13:16:48.890+0000] {dag.py:3239} INFO - Sync 1 DAGs
[2025-05-03T13:16:48.928+0000] {logging_mixin.py:190} INFO - [2025-05-03T13:16:48.928+0000] {dag.py:4180} INFO - Setting next_dagrun for nashville_data to 2025-05-03 13:15:00+00:00, run_after=2025-05-03 13:20:00+00:00
[2025-05-03T13:16:48.957+0000] {processor.py:208} INFO - Processing /opt/airflow/dags/nashville.py took 2.579 seconds
[2025-05-03T13:17:19.097+0000] {processor.py:186} INFO - Started process (PID=499) to work on /opt/airflow/dags/nashville.py
[2025-05-03T13:17:19.100+0000] {processor.py:914} INFO - Processing file /opt/airflow/dags/nashville.py for tasks to queue
[2025-05-03T13:17:19.106+0000] {logging_mixin.py:190} INFO - [2025-05-03T13:17:19.105+0000] {dagbag.py:588} INFO - Filling up the DagBag from /opt/airflow/dags/nashville.py
[2025-05-03T13:17:19.940+0000] {processor.py:925} INFO - DAG(s) 'nashville_data' retrieved from /opt/airflow/dags/nashville.py
[2025-05-03T13:17:19.977+0000] {logging_mixin.py:190} INFO - [2025-05-03T13:17:19.977+0000] {dag.py:3239} INFO - Sync 1 DAGs
[2025-05-03T13:17:20.018+0000] {logging_mixin.py:190} INFO - [2025-05-03T13:17:20.018+0000] {dag.py:4180} INFO - Setting next_dagrun for nashville_data to 2025-05-03 13:15:00+00:00, run_after=2025-05-03 13:20:00+00:00
[2025-05-03T13:17:20.049+0000] {processor.py:208} INFO - Processing /opt/airflow/dags/nashville.py took 0.962 seconds
[2025-05-03T13:17:50.380+0000] {processor.py:186} INFO - Started process (PID=511) to work on /opt/airflow/dags/nashville.py
[2025-05-03T13:17:50.382+0000] {processor.py:914} INFO - Processing file /opt/airflow/dags/nashville.py for tasks to queue
[2025-05-03T13:17:50.388+0000] {logging_mixin.py:190} INFO - [2025-05-03T13:17:50.387+0000] {dagbag.py:588} INFO - Filling up the DagBag from /opt/airflow/dags/nashville.py
[2025-05-03T13:17:51.005+0000] {processor.py:925} INFO - DAG(s) 'nashville_data' retrieved from /opt/airflow/dags/nashville.py
[2025-05-03T13:17:51.040+0000] {logging_mixin.py:190} INFO - [2025-05-03T13:17:51.039+0000] {dag.py:3239} INFO - Sync 1 DAGs
[2025-05-03T13:17:51.082+0000] {logging_mixin.py:190} INFO - [2025-05-03T13:17:51.082+0000] {dag.py:4180} INFO - Setting next_dagrun for nashville_data to 2025-05-03 13:15:00+00:00, run_after=2025-05-03 13:20:00+00:00
[2025-05-03T13:17:51.116+0000] {processor.py:208} INFO - Processing /opt/airflow/dags/nashville.py took 0.746 seconds
[2025-05-03T13:18:21.259+0000] {processor.py:186} INFO - Started process (PID=523) to work on /opt/airflow/dags/nashville.py
[2025-05-03T13:18:21.264+0000] {processor.py:914} INFO - Processing file /opt/airflow/dags/nashville.py for tasks to queue
[2025-05-03T13:18:21.269+0000] {logging_mixin.py:190} INFO - [2025-05-03T13:18:21.268+0000] {dagbag.py:588} INFO - Filling up the DagBag from /opt/airflow/dags/nashville.py
[2025-05-03T13:18:22.249+0000] {processor.py:925} INFO - DAG(s) 'nashville_data' retrieved from /opt/airflow/dags/nashville.py
[2025-05-03T13:18:22.283+0000] {logging_mixin.py:190} INFO - [2025-05-03T13:18:22.283+0000] {dag.py:3239} INFO - Sync 1 DAGs
[2025-05-03T13:18:22.318+0000] {logging_mixin.py:190} INFO - [2025-05-03T13:18:22.317+0000] {dag.py:4180} INFO - Setting next_dagrun for nashville_data to 2025-05-03 13:15:00+00:00, run_after=2025-05-03 13:20:00+00:00
[2025-05-03T13:18:22.345+0000] {processor.py:208} INFO - Processing /opt/airflow/dags/nashville.py took 1.097 seconds
[2025-05-03T13:18:52.745+0000] {processor.py:186} INFO - Started process (PID=535) to work on /opt/airflow/dags/nashville.py
[2025-05-03T13:18:52.747+0000] {processor.py:914} INFO - Processing file /opt/airflow/dags/nashville.py for tasks to queue
[2025-05-03T13:18:52.752+0000] {logging_mixin.py:190} INFO - [2025-05-03T13:18:52.752+0000] {dagbag.py:588} INFO - Filling up the DagBag from /opt/airflow/dags/nashville.py
[2025-05-03T13:18:53.630+0000] {processor.py:925} INFO - DAG(s) 'nashville_data' retrieved from /opt/airflow/dags/nashville.py
[2025-05-03T13:18:53.677+0000] {logging_mixin.py:190} INFO - [2025-05-03T13:18:53.676+0000] {dag.py:3239} INFO - Sync 1 DAGs
[2025-05-03T13:18:53.806+0000] {logging_mixin.py:190} INFO - [2025-05-03T13:18:53.805+0000] {dag.py:4180} INFO - Setting next_dagrun for nashville_data to 2025-05-03 13:15:00+00:00, run_after=2025-05-03 13:20:00+00:00
[2025-05-03T13:18:54.231+0000] {processor.py:208} INFO - Processing /opt/airflow/dags/nashville.py took 1.495 seconds
[2025-05-03T13:19:25.285+0000] {processor.py:186} INFO - Started process (PID=547) to work on /opt/airflow/dags/nashville.py
[2025-05-03T13:19:25.286+0000] {processor.py:914} INFO - Processing file /opt/airflow/dags/nashville.py for tasks to queue
[2025-05-03T13:19:25.290+0000] {logging_mixin.py:190} INFO - [2025-05-03T13:19:25.290+0000] {dagbag.py:588} INFO - Filling up the DagBag from /opt/airflow/dags/nashville.py
[2025-05-03T13:19:26.620+0000] {processor.py:925} INFO - DAG(s) 'nashville_data' retrieved from /opt/airflow/dags/nashville.py
[2025-05-03T13:19:26.678+0000] {logging_mixin.py:190} INFO - [2025-05-03T13:19:26.677+0000] {dag.py:3239} INFO - Sync 1 DAGs
[2025-05-03T13:19:26.738+0000] {logging_mixin.py:190} INFO - [2025-05-03T13:19:26.737+0000] {dag.py:4180} INFO - Setting next_dagrun for nashville_data to 2025-05-03 13:15:00+00:00, run_after=2025-05-03 13:20:00+00:00
[2025-05-03T13:19:26.787+0000] {processor.py:208} INFO - Processing /opt/airflow/dags/nashville.py took 1.512 seconds
[2025-05-03T13:19:57.460+0000] {processor.py:186} INFO - Started process (PID=565) to work on /opt/airflow/dags/nashville.py
[2025-05-03T13:19:57.464+0000] {processor.py:914} INFO - Processing file /opt/airflow/dags/nashville.py for tasks to queue
[2025-05-03T13:19:57.469+0000] {logging_mixin.py:190} INFO - [2025-05-03T13:19:57.468+0000] {dagbag.py:588} INFO - Filling up the DagBag from /opt/airflow/dags/nashville.py
[2025-05-03T13:19:58.177+0000] {processor.py:925} INFO - DAG(s) 'nashville_data' retrieved from /opt/airflow/dags/nashville.py
[2025-05-03T13:19:58.211+0000] {logging_mixin.py:190} INFO - [2025-05-03T13:19:58.210+0000] {dag.py:3239} INFO - Sync 1 DAGs
[2025-05-03T13:19:58.246+0000] {logging_mixin.py:190} INFO - [2025-05-03T13:19:58.245+0000] {dag.py:4180} INFO - Setting next_dagrun for nashville_data to 2025-05-03 13:15:00+00:00, run_after=2025-05-03 13:20:00+00:00
[2025-05-03T13:19:58.282+0000] {processor.py:208} INFO - Processing /opt/airflow/dags/nashville.py took 0.830 seconds
[2025-05-03T13:20:28.989+0000] {processor.py:186} INFO - Started process (PID=577) to work on /opt/airflow/dags/nashville.py
[2025-05-03T13:20:28.994+0000] {processor.py:914} INFO - Processing file /opt/airflow/dags/nashville.py for tasks to queue
[2025-05-03T13:20:29.006+0000] {logging_mixin.py:190} INFO - [2025-05-03T13:20:29.003+0000] {dagbag.py:588} INFO - Filling up the DagBag from /opt/airflow/dags/nashville.py
[2025-05-03T13:20:29.869+0000] {processor.py:925} INFO - DAG(s) 'nashville_data' retrieved from /opt/airflow/dags/nashville.py
[2025-05-03T13:20:29.899+0000] {logging_mixin.py:190} INFO - [2025-05-03T13:20:29.898+0000] {dag.py:3239} INFO - Sync 1 DAGs
[2025-05-03T13:20:29.929+0000] {logging_mixin.py:190} INFO - [2025-05-03T13:20:29.929+0000] {dag.py:4180} INFO - Setting next_dagrun for nashville_data to 2025-05-03 13:20:00+00:00, run_after=2025-05-03 13:25:00+00:00
[2025-05-03T13:20:29.953+0000] {processor.py:208} INFO - Processing /opt/airflow/dags/nashville.py took 1.005 seconds
