[2025-05-03T12:58:55.533+0000] {processor.py:186} INFO - Started process (PID=71) to work on /opt/airflow/dags/reader.py
[2025-05-03T12:58:55.538+0000] {processor.py:914} INFO - Processing file /opt/airflow/dags/reader.py for tasks to queue
[2025-05-03T12:58:55.546+0000] {logging_mixin.py:190} INFO - [2025-05-03T12:58:55.545+0000] {dagbag.py:588} INFO - Filling up the DagBag from /opt/airflow/dags/reader.py
[2025-05-03T12:58:57.351+0000] {processor.py:927} WARNING - No viable dags retrieved from /opt/airflow/dags/reader.py
[2025-05-03T12:58:57.384+0000] {processor.py:208} INFO - Processing /opt/airflow/dags/reader.py took 1.868 seconds
[2025-05-03T12:59:28.107+0000] {processor.py:186} INFO - Started process (PID=83) to work on /opt/airflow/dags/reader.py
[2025-05-03T12:59:28.109+0000] {processor.py:914} INFO - Processing file /opt/airflow/dags/reader.py for tasks to queue
[2025-05-03T12:59:28.114+0000] {logging_mixin.py:190} INFO - [2025-05-03T12:59:28.113+0000] {dagbag.py:588} INFO - Filling up the DagBag from /opt/airflow/dags/reader.py
[2025-05-03T12:59:28.689+0000] {processor.py:927} WARNING - No viable dags retrieved from /opt/airflow/dags/reader.py
[2025-05-03T12:59:28.699+0000] {processor.py:208} INFO - Processing /opt/airflow/dags/reader.py took 0.600 seconds
[2025-05-03T12:59:58.804+0000] {processor.py:186} INFO - Started process (PID=95) to work on /opt/airflow/dags/reader.py
[2025-05-03T12:59:58.806+0000] {processor.py:914} INFO - Processing file /opt/airflow/dags/reader.py for tasks to queue
[2025-05-03T12:59:58.809+0000] {logging_mixin.py:190} INFO - [2025-05-03T12:59:58.809+0000] {dagbag.py:588} INFO - Filling up the DagBag from /opt/airflow/dags/reader.py
[2025-05-03T12:59:59.369+0000] {processor.py:927} WARNING - No viable dags retrieved from /opt/airflow/dags/reader.py
[2025-05-03T12:59:59.390+0000] {processor.py:208} INFO - Processing /opt/airflow/dags/reader.py took 0.593 seconds
[2025-05-03T13:00:30.030+0000] {processor.py:186} INFO - Started process (PID=107) to work on /opt/airflow/dags/reader.py
[2025-05-03T13:00:30.033+0000] {processor.py:914} INFO - Processing file /opt/airflow/dags/reader.py for tasks to queue
[2025-05-03T13:00:30.036+0000] {logging_mixin.py:190} INFO - [2025-05-03T13:00:30.036+0000] {dagbag.py:588} INFO - Filling up the DagBag from /opt/airflow/dags/reader.py
[2025-05-03T13:00:30.523+0000] {processor.py:927} WARNING - No viable dags retrieved from /opt/airflow/dags/reader.py
[2025-05-03T13:00:30.541+0000] {processor.py:208} INFO - Processing /opt/airflow/dags/reader.py took 0.516 seconds
[2025-05-03T13:01:01.781+0000] {processor.py:186} INFO - Started process (PID=119) to work on /opt/airflow/dags/reader.py
[2025-05-03T13:01:01.782+0000] {processor.py:914} INFO - Processing file /opt/airflow/dags/reader.py for tasks to queue
[2025-05-03T13:01:01.785+0000] {logging_mixin.py:190} INFO - [2025-05-03T13:01:01.785+0000] {dagbag.py:588} INFO - Filling up the DagBag from /opt/airflow/dags/reader.py
[2025-05-03T13:01:02.288+0000] {processor.py:927} WARNING - No viable dags retrieved from /opt/airflow/dags/reader.py
[2025-05-03T13:01:02.299+0000] {processor.py:208} INFO - Processing /opt/airflow/dags/reader.py took 0.523 seconds
[2025-05-03T13:01:33.887+0000] {processor.py:186} INFO - Started process (PID=131) to work on /opt/airflow/dags/reader.py
[2025-05-03T13:01:33.888+0000] {processor.py:914} INFO - Processing file /opt/airflow/dags/reader.py for tasks to queue
[2025-05-03T13:01:33.891+0000] {logging_mixin.py:190} INFO - [2025-05-03T13:01:33.890+0000] {dagbag.py:588} INFO - Filling up the DagBag from /opt/airflow/dags/reader.py
[2025-05-03T13:01:34.425+0000] {processor.py:927} WARNING - No viable dags retrieved from /opt/airflow/dags/reader.py
[2025-05-03T13:01:34.439+0000] {processor.py:208} INFO - Processing /opt/airflow/dags/reader.py took 0.557 seconds
[2025-05-03T13:02:05.436+0000] {processor.py:186} INFO - Started process (PID=143) to work on /opt/airflow/dags/reader.py
[2025-05-03T13:02:05.437+0000] {processor.py:914} INFO - Processing file /opt/airflow/dags/reader.py for tasks to queue
[2025-05-03T13:02:05.440+0000] {logging_mixin.py:190} INFO - [2025-05-03T13:02:05.439+0000] {dagbag.py:588} INFO - Filling up the DagBag from /opt/airflow/dags/reader.py
[2025-05-03T13:02:06.175+0000] {processor.py:927} WARNING - No viable dags retrieved from /opt/airflow/dags/reader.py
[2025-05-03T13:02:06.193+0000] {processor.py:208} INFO - Processing /opt/airflow/dags/reader.py took 0.763 seconds
[2025-05-03T13:02:37.344+0000] {processor.py:186} INFO - Started process (PID=155) to work on /opt/airflow/dags/reader.py
[2025-05-03T13:02:37.345+0000] {processor.py:914} INFO - Processing file /opt/airflow/dags/reader.py for tasks to queue
[2025-05-03T13:02:37.348+0000] {logging_mixin.py:190} INFO - [2025-05-03T13:02:37.347+0000] {dagbag.py:588} INFO - Filling up the DagBag from /opt/airflow/dags/reader.py
[2025-05-03T13:02:37.912+0000] {processor.py:927} WARNING - No viable dags retrieved from /opt/airflow/dags/reader.py
[2025-05-03T13:02:37.923+0000] {processor.py:208} INFO - Processing /opt/airflow/dags/reader.py took 0.585 seconds
[2025-05-03T13:03:08.751+0000] {processor.py:186} INFO - Started process (PID=167) to work on /opt/airflow/dags/reader.py
[2025-05-03T13:03:08.753+0000] {processor.py:914} INFO - Processing file /opt/airflow/dags/reader.py for tasks to queue
[2025-05-03T13:03:08.756+0000] {logging_mixin.py:190} INFO - [2025-05-03T13:03:08.755+0000] {dagbag.py:588} INFO - Filling up the DagBag from /opt/airflow/dags/reader.py
[2025-05-03T13:03:09.331+0000] {processor.py:927} WARNING - No viable dags retrieved from /opt/airflow/dags/reader.py
[2025-05-03T13:03:09.349+0000] {processor.py:208} INFO - Processing /opt/airflow/dags/reader.py took 0.608 seconds
[2025-05-03T13:03:39.895+0000] {processor.py:186} INFO - Started process (PID=179) to work on /opt/airflow/dags/reader.py
[2025-05-03T13:03:39.896+0000] {processor.py:914} INFO - Processing file /opt/airflow/dags/reader.py for tasks to queue
[2025-05-03T13:03:39.898+0000] {logging_mixin.py:190} INFO - [2025-05-03T13:03:39.898+0000] {dagbag.py:588} INFO - Filling up the DagBag from /opt/airflow/dags/reader.py
[2025-05-03T13:03:40.227+0000] {processor.py:927} WARNING - No viable dags retrieved from /opt/airflow/dags/reader.py
[2025-05-03T13:03:40.239+0000] {processor.py:208} INFO - Processing /opt/airflow/dags/reader.py took 0.350 seconds
[2025-05-03T13:04:11.122+0000] {processor.py:186} INFO - Started process (PID=191) to work on /opt/airflow/dags/reader.py
[2025-05-03T13:04:11.124+0000] {processor.py:914} INFO - Processing file /opt/airflow/dags/reader.py for tasks to queue
[2025-05-03T13:04:11.133+0000] {logging_mixin.py:190} INFO - [2025-05-03T13:04:11.132+0000] {dagbag.py:588} INFO - Filling up the DagBag from /opt/airflow/dags/reader.py
[2025-05-03T13:04:11.497+0000] {processor.py:927} WARNING - No viable dags retrieved from /opt/airflow/dags/reader.py
[2025-05-03T13:04:11.519+0000] {processor.py:208} INFO - Processing /opt/airflow/dags/reader.py took 0.404 seconds
[2025-05-03T13:04:42.165+0000] {processor.py:186} INFO - Started process (PID=203) to work on /opt/airflow/dags/reader.py
[2025-05-03T13:04:42.166+0000] {processor.py:914} INFO - Processing file /opt/airflow/dags/reader.py for tasks to queue
[2025-05-03T13:04:42.170+0000] {logging_mixin.py:190} INFO - [2025-05-03T13:04:42.169+0000] {dagbag.py:588} INFO - Filling up the DagBag from /opt/airflow/dags/reader.py
[2025-05-03T13:04:42.569+0000] {processor.py:927} WARNING - No viable dags retrieved from /opt/airflow/dags/reader.py
[2025-05-03T13:04:42.596+0000] {processor.py:208} INFO - Processing /opt/airflow/dags/reader.py took 0.437 seconds
[2025-05-03T13:05:14.780+0000] {processor.py:186} INFO - Started process (PID=215) to work on /opt/airflow/dags/reader.py
[2025-05-03T13:05:14.781+0000] {processor.py:914} INFO - Processing file /opt/airflow/dags/reader.py for tasks to queue
[2025-05-03T13:05:14.784+0000] {logging_mixin.py:190} INFO - [2025-05-03T13:05:14.784+0000] {dagbag.py:588} INFO - Filling up the DagBag from /opt/airflow/dags/reader.py
[2025-05-03T13:05:15.174+0000] {processor.py:927} WARNING - No viable dags retrieved from /opt/airflow/dags/reader.py
[2025-05-03T13:05:15.190+0000] {processor.py:208} INFO - Processing /opt/airflow/dags/reader.py took 0.416 seconds
[2025-05-03T13:05:45.985+0000] {processor.py:186} INFO - Started process (PID=227) to work on /opt/airflow/dags/reader.py
[2025-05-03T13:05:45.987+0000] {processor.py:914} INFO - Processing file /opt/airflow/dags/reader.py for tasks to queue
[2025-05-03T13:05:45.991+0000] {logging_mixin.py:190} INFO - [2025-05-03T13:05:45.990+0000] {dagbag.py:588} INFO - Filling up the DagBag from /opt/airflow/dags/reader.py
[2025-05-03T13:05:46.381+0000] {processor.py:927} WARNING - No viable dags retrieved from /opt/airflow/dags/reader.py
[2025-05-03T13:05:46.397+0000] {processor.py:208} INFO - Processing /opt/airflow/dags/reader.py took 0.418 seconds
[2025-05-03T13:06:17.368+0000] {processor.py:186} INFO - Started process (PID=239) to work on /opt/airflow/dags/reader.py
[2025-05-03T13:06:17.370+0000] {processor.py:914} INFO - Processing file /opt/airflow/dags/reader.py for tasks to queue
[2025-05-03T13:06:17.372+0000] {logging_mixin.py:190} INFO - [2025-05-03T13:06:17.372+0000] {dagbag.py:588} INFO - Filling up the DagBag from /opt/airflow/dags/reader.py
[2025-05-03T13:06:17.696+0000] {processor.py:927} WARNING - No viable dags retrieved from /opt/airflow/dags/reader.py
[2025-05-03T13:06:17.711+0000] {processor.py:208} INFO - Processing /opt/airflow/dags/reader.py took 0.348 seconds
[2025-05-03T13:06:48.905+0000] {processor.py:186} INFO - Started process (PID=251) to work on /opt/airflow/dags/reader.py
[2025-05-03T13:06:48.910+0000] {processor.py:914} INFO - Processing file /opt/airflow/dags/reader.py for tasks to queue
[2025-05-03T13:06:48.915+0000] {logging_mixin.py:190} INFO - [2025-05-03T13:06:48.914+0000] {dagbag.py:588} INFO - Filling up the DagBag from /opt/airflow/dags/reader.py
[2025-05-03T13:06:49.316+0000] {processor.py:927} WARNING - No viable dags retrieved from /opt/airflow/dags/reader.py
[2025-05-03T13:06:49.331+0000] {processor.py:208} INFO - Processing /opt/airflow/dags/reader.py took 0.433 seconds
[2025-05-03T13:07:19.526+0000] {processor.py:186} INFO - Started process (PID=263) to work on /opt/airflow/dags/reader.py
[2025-05-03T13:07:19.527+0000] {processor.py:914} INFO - Processing file /opt/airflow/dags/reader.py for tasks to queue
[2025-05-03T13:07:19.530+0000] {logging_mixin.py:190} INFO - [2025-05-03T13:07:19.530+0000] {dagbag.py:588} INFO - Filling up the DagBag from /opt/airflow/dags/reader.py
[2025-05-03T13:07:19.919+0000] {processor.py:927} WARNING - No viable dags retrieved from /opt/airflow/dags/reader.py
[2025-05-03T13:07:19.961+0000] {processor.py:208} INFO - Processing /opt/airflow/dags/reader.py took 0.441 seconds
[2025-05-03T13:07:50.788+0000] {processor.py:186} INFO - Started process (PID=275) to work on /opt/airflow/dags/reader.py
[2025-05-03T13:07:50.789+0000] {processor.py:914} INFO - Processing file /opt/airflow/dags/reader.py for tasks to queue
[2025-05-03T13:07:50.792+0000] {logging_mixin.py:190} INFO - [2025-05-03T13:07:50.791+0000] {dagbag.py:588} INFO - Filling up the DagBag from /opt/airflow/dags/reader.py
[2025-05-03T13:07:51.188+0000] {processor.py:927} WARNING - No viable dags retrieved from /opt/airflow/dags/reader.py
[2025-05-03T13:07:51.202+0000] {processor.py:208} INFO - Processing /opt/airflow/dags/reader.py took 0.421 seconds
[2025-05-03T13:08:21.807+0000] {processor.py:186} INFO - Started process (PID=287) to work on /opt/airflow/dags/reader.py
[2025-05-03T13:08:21.809+0000] {processor.py:914} INFO - Processing file /opt/airflow/dags/reader.py for tasks to queue
[2025-05-03T13:08:21.812+0000] {logging_mixin.py:190} INFO - [2025-05-03T13:08:21.811+0000] {dagbag.py:588} INFO - Filling up the DagBag from /opt/airflow/dags/reader.py
[2025-05-03T13:08:22.312+0000] {processor.py:927} WARNING - No viable dags retrieved from /opt/airflow/dags/reader.py
[2025-05-03T13:08:22.332+0000] {processor.py:208} INFO - Processing /opt/airflow/dags/reader.py took 0.533 seconds
[2025-05-03T13:08:52.530+0000] {processor.py:186} INFO - Started process (PID=298) to work on /opt/airflow/dags/reader.py
[2025-05-03T13:08:52.531+0000] {processor.py:914} INFO - Processing file /opt/airflow/dags/reader.py for tasks to queue
[2025-05-03T13:08:52.534+0000] {logging_mixin.py:190} INFO - [2025-05-03T13:08:52.534+0000] {dagbag.py:588} INFO - Filling up the DagBag from /opt/airflow/dags/reader.py
[2025-05-03T13:08:52.882+0000] {processor.py:927} WARNING - No viable dags retrieved from /opt/airflow/dags/reader.py
[2025-05-03T13:08:52.896+0000] {processor.py:208} INFO - Processing /opt/airflow/dags/reader.py took 0.373 seconds
[2025-05-03T13:09:23.327+0000] {processor.py:186} INFO - Started process (PID=309) to work on /opt/airflow/dags/reader.py
[2025-05-03T13:09:23.328+0000] {processor.py:914} INFO - Processing file /opt/airflow/dags/reader.py for tasks to queue
[2025-05-03T13:09:23.331+0000] {logging_mixin.py:190} INFO - [2025-05-03T13:09:23.331+0000] {dagbag.py:588} INFO - Filling up the DagBag from /opt/airflow/dags/reader.py
[2025-05-03T13:09:23.685+0000] {processor.py:927} WARNING - No viable dags retrieved from /opt/airflow/dags/reader.py
[2025-05-03T13:09:23.701+0000] {processor.py:208} INFO - Processing /opt/airflow/dags/reader.py took 0.381 seconds
[2025-05-03T13:09:54.167+0000] {processor.py:186} INFO - Started process (PID=321) to work on /opt/airflow/dags/reader.py
[2025-05-03T13:09:54.168+0000] {processor.py:914} INFO - Processing file /opt/airflow/dags/reader.py for tasks to queue
[2025-05-03T13:09:54.172+0000] {logging_mixin.py:190} INFO - [2025-05-03T13:09:54.171+0000] {dagbag.py:588} INFO - Filling up the DagBag from /opt/airflow/dags/reader.py
[2025-05-03T13:09:54.523+0000] {processor.py:927} WARNING - No viable dags retrieved from /opt/airflow/dags/reader.py
[2025-05-03T13:09:54.542+0000] {processor.py:208} INFO - Processing /opt/airflow/dags/reader.py took 0.383 seconds
[2025-05-03T13:10:24.822+0000] {processor.py:186} INFO - Started process (PID=333) to work on /opt/airflow/dags/reader.py
[2025-05-03T13:10:24.823+0000] {processor.py:914} INFO - Processing file /opt/airflow/dags/reader.py for tasks to queue
[2025-05-03T13:10:24.827+0000] {logging_mixin.py:190} INFO - [2025-05-03T13:10:24.826+0000] {dagbag.py:588} INFO - Filling up the DagBag from /opt/airflow/dags/reader.py
[2025-05-03T13:10:25.259+0000] {processor.py:927} WARNING - No viable dags retrieved from /opt/airflow/dags/reader.py
[2025-05-03T13:10:25.281+0000] {processor.py:208} INFO - Processing /opt/airflow/dags/reader.py took 0.467 seconds
[2025-05-03T13:10:56.119+0000] {processor.py:186} INFO - Started process (PID=345) to work on /opt/airflow/dags/reader.py
[2025-05-03T13:10:56.120+0000] {processor.py:914} INFO - Processing file /opt/airflow/dags/reader.py for tasks to queue
[2025-05-03T13:10:56.123+0000] {logging_mixin.py:190} INFO - [2025-05-03T13:10:56.123+0000] {dagbag.py:588} INFO - Filling up the DagBag from /opt/airflow/dags/reader.py
[2025-05-03T13:10:56.454+0000] {processor.py:927} WARNING - No viable dags retrieved from /opt/airflow/dags/reader.py
[2025-05-03T13:10:56.472+0000] {processor.py:208} INFO - Processing /opt/airflow/dags/reader.py took 0.361 seconds
[2025-05-03T13:11:27.205+0000] {processor.py:186} INFO - Started process (PID=363) to work on /opt/airflow/dags/reader.py
[2025-05-03T13:11:27.207+0000] {processor.py:914} INFO - Processing file /opt/airflow/dags/reader.py for tasks to queue
[2025-05-03T13:11:27.211+0000] {logging_mixin.py:190} INFO - [2025-05-03T13:11:27.210+0000] {dagbag.py:588} INFO - Filling up the DagBag from /opt/airflow/dags/reader.py
[2025-05-03T13:11:27.626+0000] {processor.py:927} WARNING - No viable dags retrieved from /opt/airflow/dags/reader.py
[2025-05-03T13:11:27.647+0000] {processor.py:208} INFO - Processing /opt/airflow/dags/reader.py took 0.449 seconds
[2025-05-03T13:11:58.322+0000] {processor.py:186} INFO - Started process (PID=375) to work on /opt/airflow/dags/reader.py
[2025-05-03T13:11:58.323+0000] {processor.py:914} INFO - Processing file /opt/airflow/dags/reader.py for tasks to queue
[2025-05-03T13:11:58.326+0000] {logging_mixin.py:190} INFO - [2025-05-03T13:11:58.326+0000] {dagbag.py:588} INFO - Filling up the DagBag from /opt/airflow/dags/reader.py
[2025-05-03T13:11:58.783+0000] {processor.py:927} WARNING - No viable dags retrieved from /opt/airflow/dags/reader.py
[2025-05-03T13:11:58.803+0000] {processor.py:208} INFO - Processing /opt/airflow/dags/reader.py took 0.490 seconds
[2025-05-03T13:12:29.570+0000] {processor.py:186} INFO - Started process (PID=387) to work on /opt/airflow/dags/reader.py
[2025-05-03T13:12:29.572+0000] {processor.py:914} INFO - Processing file /opt/airflow/dags/reader.py for tasks to queue
[2025-05-03T13:12:29.575+0000] {logging_mixin.py:190} INFO - [2025-05-03T13:12:29.575+0000] {dagbag.py:588} INFO - Filling up the DagBag from /opt/airflow/dags/reader.py
[2025-05-03T13:12:30.095+0000] {processor.py:927} WARNING - No viable dags retrieved from /opt/airflow/dags/reader.py
[2025-05-03T13:12:30.116+0000] {processor.py:208} INFO - Processing /opt/airflow/dags/reader.py took 0.553 seconds
[2025-05-03T13:13:00.440+0000] {processor.py:186} INFO - Started process (PID=399) to work on /opt/airflow/dags/reader.py
[2025-05-03T13:13:00.445+0000] {processor.py:914} INFO - Processing file /opt/airflow/dags/reader.py for tasks to queue
[2025-05-03T13:13:00.451+0000] {logging_mixin.py:190} INFO - [2025-05-03T13:13:00.451+0000] {dagbag.py:588} INFO - Filling up the DagBag from /opt/airflow/dags/reader.py
[2025-05-03T13:13:00.825+0000] {processor.py:927} WARNING - No viable dags retrieved from /opt/airflow/dags/reader.py
[2025-05-03T13:13:00.845+0000] {processor.py:208} INFO - Processing /opt/airflow/dags/reader.py took 0.412 seconds
[2025-05-03T13:13:31.922+0000] {processor.py:186} INFO - Started process (PID=411) to work on /opt/airflow/dags/reader.py
[2025-05-03T13:13:31.923+0000] {processor.py:914} INFO - Processing file /opt/airflow/dags/reader.py for tasks to queue
[2025-05-03T13:13:31.925+0000] {logging_mixin.py:190} INFO - [2025-05-03T13:13:31.925+0000] {dagbag.py:588} INFO - Filling up the DagBag from /opt/airflow/dags/reader.py
[2025-05-03T13:13:32.308+0000] {processor.py:927} WARNING - No viable dags retrieved from /opt/airflow/dags/reader.py
[2025-05-03T13:13:32.323+0000] {processor.py:208} INFO - Processing /opt/airflow/dags/reader.py took 0.406 seconds
[2025-05-03T13:14:03.047+0000] {processor.py:186} INFO - Started process (PID=423) to work on /opt/airflow/dags/reader.py
[2025-05-03T13:14:03.054+0000] {processor.py:914} INFO - Processing file /opt/airflow/dags/reader.py for tasks to queue
[2025-05-03T13:14:03.061+0000] {logging_mixin.py:190} INFO - [2025-05-03T13:14:03.060+0000] {dagbag.py:588} INFO - Filling up the DagBag from /opt/airflow/dags/reader.py
[2025-05-03T13:14:03.529+0000] {processor.py:927} WARNING - No viable dags retrieved from /opt/airflow/dags/reader.py
[2025-05-03T13:14:03.681+0000] {processor.py:208} INFO - Processing /opt/airflow/dags/reader.py took 0.640 seconds
[2025-05-03T13:14:34.689+0000] {processor.py:186} INFO - Started process (PID=435) to work on /opt/airflow/dags/reader.py
[2025-05-03T13:14:34.690+0000] {processor.py:914} INFO - Processing file /opt/airflow/dags/reader.py for tasks to queue
[2025-05-03T13:14:34.692+0000] {logging_mixin.py:190} INFO - [2025-05-03T13:14:34.692+0000] {dagbag.py:588} INFO - Filling up the DagBag from /opt/airflow/dags/reader.py
[2025-05-03T13:14:34.965+0000] {processor.py:927} WARNING - No viable dags retrieved from /opt/airflow/dags/reader.py
[2025-05-03T13:14:34.985+0000] {processor.py:208} INFO - Processing /opt/airflow/dags/reader.py took 0.302 seconds
[2025-05-03T13:15:05.264+0000] {processor.py:186} INFO - Started process (PID=447) to work on /opt/airflow/dags/reader.py
[2025-05-03T13:15:05.265+0000] {processor.py:914} INFO - Processing file /opt/airflow/dags/reader.py for tasks to queue
[2025-05-03T13:15:05.268+0000] {logging_mixin.py:190} INFO - [2025-05-03T13:15:05.267+0000] {dagbag.py:588} INFO - Filling up the DagBag from /opt/airflow/dags/reader.py
[2025-05-03T13:15:05.566+0000] {processor.py:927} WARNING - No viable dags retrieved from /opt/airflow/dags/reader.py
[2025-05-03T13:15:05.580+0000] {processor.py:208} INFO - Processing /opt/airflow/dags/reader.py took 0.323 seconds
[2025-05-03T13:15:36.193+0000] {processor.py:186} INFO - Started process (PID=460) to work on /opt/airflow/dags/reader.py
[2025-05-03T13:15:36.194+0000] {processor.py:914} INFO - Processing file /opt/airflow/dags/reader.py for tasks to queue
[2025-05-03T13:15:36.198+0000] {logging_mixin.py:190} INFO - [2025-05-03T13:15:36.197+0000] {dagbag.py:588} INFO - Filling up the DagBag from /opt/airflow/dags/reader.py
[2025-05-03T13:15:36.677+0000] {processor.py:927} WARNING - No viable dags retrieved from /opt/airflow/dags/reader.py
[2025-05-03T13:15:36.695+0000] {processor.py:208} INFO - Processing /opt/airflow/dags/reader.py took 0.511 seconds
[2025-05-03T13:16:08.181+0000] {processor.py:186} INFO - Started process (PID=471) to work on /opt/airflow/dags/reader.py
[2025-05-03T13:16:08.185+0000] {processor.py:914} INFO - Processing file /opt/airflow/dags/reader.py for tasks to queue
[2025-05-03T13:16:08.195+0000] {logging_mixin.py:190} INFO - [2025-05-03T13:16:08.194+0000] {dagbag.py:588} INFO - Filling up the DagBag from /opt/airflow/dags/reader.py
[2025-05-03T13:16:08.891+0000] {processor.py:927} WARNING - No viable dags retrieved from /opt/airflow/dags/reader.py
[2025-05-03T13:16:08.911+0000] {processor.py:208} INFO - Processing /opt/airflow/dags/reader.py took 0.739 seconds
[2025-05-03T13:16:40.441+0000] {processor.py:186} INFO - Started process (PID=484) to work on /opt/airflow/dags/reader.py
[2025-05-03T13:16:40.446+0000] {processor.py:914} INFO - Processing file /opt/airflow/dags/reader.py for tasks to queue
[2025-05-03T13:16:40.451+0000] {logging_mixin.py:190} INFO - [2025-05-03T13:16:40.451+0000] {dagbag.py:588} INFO - Filling up the DagBag from /opt/airflow/dags/reader.py
[2025-05-03T13:16:40.964+0000] {processor.py:927} WARNING - No viable dags retrieved from /opt/airflow/dags/reader.py
[2025-05-03T13:16:40.986+0000] {processor.py:208} INFO - Processing /opt/airflow/dags/reader.py took 0.554 seconds
[2025-05-03T13:17:11.160+0000] {processor.py:186} INFO - Started process (PID=495) to work on /opt/airflow/dags/reader.py
[2025-05-03T13:17:11.162+0000] {processor.py:914} INFO - Processing file /opt/airflow/dags/reader.py for tasks to queue
[2025-05-03T13:17:11.169+0000] {logging_mixin.py:190} INFO - [2025-05-03T13:17:11.169+0000] {dagbag.py:588} INFO - Filling up the DagBag from /opt/airflow/dags/reader.py
[2025-05-03T13:17:11.606+0000] {processor.py:927} WARNING - No viable dags retrieved from /opt/airflow/dags/reader.py
[2025-05-03T13:17:11.628+0000] {processor.py:208} INFO - Processing /opt/airflow/dags/reader.py took 0.474 seconds
[2025-05-03T13:17:42.750+0000] {processor.py:186} INFO - Started process (PID=507) to work on /opt/airflow/dags/reader.py
[2025-05-03T13:17:42.753+0000] {processor.py:914} INFO - Processing file /opt/airflow/dags/reader.py for tasks to queue
[2025-05-03T13:17:42.757+0000] {logging_mixin.py:190} INFO - [2025-05-03T13:17:42.756+0000] {dagbag.py:588} INFO - Filling up the DagBag from /opt/airflow/dags/reader.py
[2025-05-03T13:17:43.291+0000] {processor.py:927} WARNING - No viable dags retrieved from /opt/airflow/dags/reader.py
[2025-05-03T13:17:43.326+0000] {processor.py:208} INFO - Processing /opt/airflow/dags/reader.py took 0.583 seconds
[2025-05-03T13:18:14.372+0000] {processor.py:186} INFO - Started process (PID=519) to work on /opt/airflow/dags/reader.py
[2025-05-03T13:18:14.392+0000] {processor.py:914} INFO - Processing file /opt/airflow/dags/reader.py for tasks to queue
[2025-05-03T13:18:14.403+0000] {logging_mixin.py:190} INFO - [2025-05-03T13:18:14.403+0000] {dagbag.py:588} INFO - Filling up the DagBag from /opt/airflow/dags/reader.py
[2025-05-03T13:18:15.044+0000] {processor.py:927} WARNING - No viable dags retrieved from /opt/airflow/dags/reader.py
[2025-05-03T13:18:15.065+0000] {processor.py:208} INFO - Processing /opt/airflow/dags/reader.py took 0.699 seconds
[2025-05-03T13:18:46.096+0000] {processor.py:186} INFO - Started process (PID=532) to work on /opt/airflow/dags/reader.py
[2025-05-03T13:18:46.100+0000] {processor.py:914} INFO - Processing file /opt/airflow/dags/reader.py for tasks to queue
[2025-05-03T13:18:46.107+0000] {logging_mixin.py:190} INFO - [2025-05-03T13:18:46.103+0000] {dagbag.py:588} INFO - Filling up the DagBag from /opt/airflow/dags/reader.py
[2025-05-03T13:18:46.490+0000] {processor.py:927} WARNING - No viable dags retrieved from /opt/airflow/dags/reader.py
[2025-05-03T13:18:46.504+0000] {processor.py:208} INFO - Processing /opt/airflow/dags/reader.py took 0.416 seconds
[2025-05-03T13:19:17.433+0000] {processor.py:186} INFO - Started process (PID=544) to work on /opt/airflow/dags/reader.py
[2025-05-03T13:19:17.436+0000] {processor.py:914} INFO - Processing file /opt/airflow/dags/reader.py for tasks to queue
[2025-05-03T13:19:17.443+0000] {logging_mixin.py:190} INFO - [2025-05-03T13:19:17.442+0000] {dagbag.py:588} INFO - Filling up the DagBag from /opt/airflow/dags/reader.py
[2025-05-03T13:19:17.904+0000] {processor.py:927} WARNING - No viable dags retrieved from /opt/airflow/dags/reader.py
[2025-05-03T13:19:17.922+0000] {processor.py:208} INFO - Processing /opt/airflow/dags/reader.py took 0.496 seconds
[2025-05-03T13:19:49.122+0000] {processor.py:186} INFO - Started process (PID=556) to work on /opt/airflow/dags/reader.py
[2025-05-03T13:19:49.127+0000] {processor.py:914} INFO - Processing file /opt/airflow/dags/reader.py for tasks to queue
[2025-05-03T13:19:49.137+0000] {logging_mixin.py:190} INFO - [2025-05-03T13:19:49.136+0000] {dagbag.py:588} INFO - Filling up the DagBag from /opt/airflow/dags/reader.py
[2025-05-03T13:19:49.582+0000] {processor.py:927} WARNING - No viable dags retrieved from /opt/airflow/dags/reader.py
[2025-05-03T13:19:49.602+0000] {processor.py:208} INFO - Processing /opt/airflow/dags/reader.py took 0.492 seconds
[2025-05-03T13:20:20.085+0000] {processor.py:186} INFO - Started process (PID=567) to work on /opt/airflow/dags/reader.py
[2025-05-03T13:20:20.092+0000] {processor.py:914} INFO - Processing file /opt/airflow/dags/reader.py for tasks to queue
[2025-05-03T13:20:20.111+0000] {logging_mixin.py:190} INFO - [2025-05-03T13:20:20.108+0000] {dagbag.py:588} INFO - Filling up the DagBag from /opt/airflow/dags/reader.py
[2025-05-03T13:20:20.646+0000] {processor.py:927} WARNING - No viable dags retrieved from /opt/airflow/dags/reader.py
[2025-05-03T13:20:20.669+0000] {processor.py:208} INFO - Processing /opt/airflow/dags/reader.py took 0.637 seconds
[2025-05-03T13:20:51.730+0000] {processor.py:186} INFO - Started process (PID=580) to work on /opt/airflow/dags/reader.py
[2025-05-03T13:20:51.732+0000] {processor.py:914} INFO - Processing file /opt/airflow/dags/reader.py for tasks to queue
[2025-05-03T13:20:51.736+0000] {logging_mixin.py:190} INFO - [2025-05-03T13:20:51.735+0000] {dagbag.py:588} INFO - Filling up the DagBag from /opt/airflow/dags/reader.py
[2025-05-03T13:20:52.211+0000] {processor.py:927} WARNING - No viable dags retrieved from /opt/airflow/dags/reader.py
[2025-05-03T13:20:52.250+0000] {processor.py:208} INFO - Processing /opt/airflow/dags/reader.py took 0.538 seconds
[2025-05-03T13:21:22.782+0000] {processor.py:186} INFO - Started process (PID=591) to work on /opt/airflow/dags/reader.py
[2025-05-03T13:21:22.784+0000] {processor.py:914} INFO - Processing file /opt/airflow/dags/reader.py for tasks to queue
[2025-05-03T13:21:22.788+0000] {logging_mixin.py:190} INFO - [2025-05-03T13:21:22.787+0000] {dagbag.py:588} INFO - Filling up the DagBag from /opt/airflow/dags/reader.py
[2025-05-03T13:21:23.328+0000] {processor.py:927} WARNING - No viable dags retrieved from /opt/airflow/dags/reader.py
[2025-05-03T13:21:23.343+0000] {processor.py:208} INFO - Processing /opt/airflow/dags/reader.py took 0.571 seconds
