[2025-05-02T11:40:03.739+0000] {local_task_job_runner.py:123} INFO - ::group::Pre task execution logs
[2025-05-02T11:40:03.772+0000] {taskinstance.py:2614} INFO - Dependencies all met for dep_context=non-requeueable deps ti=<TaskInstance: nashville_data.process_task scheduled__2025-05-02T11:35:00+00:00 [queued]>
[2025-05-02T11:40:03.795+0000] {taskinstance.py:2614} INFO - Dependencies all met for dep_context=requeueable deps ti=<TaskInstance: nashville_data.process_task scheduled__2025-05-02T11:35:00+00:00 [queued]>
[2025-05-02T11:40:03.802+0000] {taskinstance.py:2867} INFO - Starting attempt 1 of 1
[2025-05-02T11:40:03.836+0000] {taskinstance.py:2890} INFO - Executing <Task(PythonOperator): process_task> on 2025-05-02 11:35:00+00:00
[2025-05-02T11:40:03.853+0000] {warnings.py:112} WARNING - /home/***/.local/lib/python3.12/site-packages/***/task/task_runner/standard_task_runner.py:70: DeprecationWarning: This process (pid=1030) is multi-threaded, use of fork() may lead to deadlocks in the child.
  pid = os.fork()

[2025-05-02T11:40:03.859+0000] {standard_task_runner.py:72} INFO - Started process 1032 to run task
[2025-05-02T11:40:03.858+0000] {standard_task_runner.py:104} INFO - Running: ['***', 'tasks', 'run', 'nashville_data', 'process_task', 'scheduled__2025-05-02T11:35:00+00:00', '--job-id', '25', '--raw', '--subdir', 'DAGS_FOLDER/nashville.py', '--cfg-path', '/tmp/tmplpq3k_x7']
[2025-05-02T11:40:03.869+0000] {standard_task_runner.py:105} INFO - Job 25: Subtask process_task
[2025-05-02T11:40:04.011+0000] {task_command.py:467} INFO - Running <TaskInstance: nashville_data.process_task scheduled__2025-05-02T11:35:00+00:00 [running]> on host 1a092ad7d767
[2025-05-02T11:40:04.295+0000] {taskinstance.py:3134} INFO - Exporting env vars: AIRFLOW_CTX_DAG_OWNER='***' AIRFLOW_CTX_DAG_ID='nashville_data' AIRFLOW_CTX_TASK_ID='process_task' AIRFLOW_CTX_EXECUTION_DATE='2025-05-02T11:35:00+00:00' AIRFLOW_CTX_TRY_NUMBER='1' AIRFLOW_CTX_DAG_RUN_ID='scheduled__2025-05-02T11:35:00+00:00'
[2025-05-02T11:40:04.298+0000] {taskinstance.py:732} INFO - ::endgroup::
[2025-05-02T11:40:54.262+0000] {logging_mixin.py:190} INFO - Validation Summary:
[2025-05-02T11:40:54.266+0000] {logging_mixin.py:190} INFO - {'total_records': 56636, 'valid_records': 23985, 'invalid_records': 32651, 'error_count': 317574}
[2025-05-02T11:40:54.270+0000] {logging_mixin.py:190} INFO - 
Sample validation errors (first 10):
[2025-05-02T11:40:54.272+0000] {logging_mixin.py:190} INFO - Record 0: Mandatory field 'Acreage' is missing or empty
[2025-05-02T11:40:54.273+0000] {logging_mixin.py:190} INFO - Record 0: Mandatory field 'Neighborhood' is missing or empty
[2025-05-02T11:40:54.278+0000] {logging_mixin.py:190} INFO - Record 0: Mandatory field 'Land Value' is missing or empty
[2025-05-02T11:40:54.280+0000] {logging_mixin.py:190} INFO - Record 0: Mandatory field 'Building Value' is missing or empty
[2025-05-02T11:40:54.282+0000] {logging_mixin.py:190} INFO - Record 0: Mandatory field 'Total Value' is missing or empty
[2025-05-02T11:40:54.283+0000] {logging_mixin.py:190} INFO - Record 0: Mandatory field 'Finished Area' is missing or empty
[2025-05-02T11:40:54.285+0000] {logging_mixin.py:190} INFO - Record 0: Mandatory field 'Year Built' is missing or empty
[2025-05-02T11:40:54.286+0000] {logging_mixin.py:190} INFO - Record 0: Mandatory field 'Bedrooms' is missing or empty
[2025-05-02T11:40:54.288+0000] {logging_mixin.py:190} INFO - Record 0: Mandatory field 'Full Bath' is missing or empty
[2025-05-02T11:40:54.289+0000] {logging_mixin.py:190} INFO - Record 0: Mandatory field 'Half Bath' is missing or empty
[2025-05-02T11:40:54.290+0000] {logging_mixin.py:190} INFO - ...and 317564 more errors
[2025-05-02T11:41:02.465+0000] {logging_mixin.py:190} INFO - <class 'pandas.core.frame.DataFrame'>
RangeIndex: 24012 entries, 0 to 24011
Data columns (total 36 columns):
 #   Column                  Non-Null Count  Dtype         
---  ------                  --------------  -----         
 0   Unnamed: 0.1            24012 non-null  int64         
 1   Unnamed: 0              24012 non-null  int64         
 2   Parcel ID               24012 non-null  object        
 3   Land Use                24012 non-null  object        
 4   Property Address        24012 non-null  object        
 5   Suite/ Condo   #        2 non-null      object        
 6   Property City           24012 non-null  object        
 7   Sale Date               24012 non-null  datetime64[ns]
 8   Sale Price              24012 non-null  int64         
 9   Legal Reference         24012 non-null  object        
 10  Owner Name              23722 non-null  object        
 11  Address                 24012 non-null  object        
 12  City                    24012 non-null  object        
 13  State                   24012 non-null  object        
 14  Acreage                 24012 non-null  float64       
 15  Tax District            24012 non-null  object        
 16  Neighborhood            24012 non-null  float64       
 17  Land Value              24012 non-null  float64       
 18  Building Value          24012 non-null  float64       
 19  Total Value             24012 non-null  float64       
 20  Finished Area           24012 non-null  float64       
 21  Foundation Type         24011 non-null  object        
 22  Year Built              24012 non-null  float64       
 23  Exterior Wall           24012 non-null  object        
 24  Grade                   24012 non-null  object        
 25  Bedrooms                24012 non-null  float64       
 26  Full Bath               24012 non-null  float64       
 27  Half Bath               24012 non-null  float64       
 28  Price per Square Foot   24012 non-null  float64       
 29  Property Age            24012 non-null  float64       
 30  Sale Year               24012 non-null  int32         
 31  Sale Month              24012 non-null  int32         
 32  Land-to-Building Ratio  24012 non-null  float64       
 33  Sale Price Category     24012 non-null  object        
 34  Family Name             23722 non-null  object        
 35  First Name              23608 non-null  object        
dtypes: datetime64[ns](1), float64(13), int32(2), int64(3), object(17)
memory usage: 6.4+ MB
[2025-05-02T11:41:02.723+0000] {logging_mixin.py:190} INFO - None
[2025-05-02T11:41:02.860+0000] {logging_mixin.py:190} INFO - Backup Validation Summary:
[2025-05-02T11:41:03.159+0000] {logging_mixin.py:190} INFO - {'total_records': 24012, 'valid_records': 24012, 'flagged_records': 0, 'flag_count': 0}
[2025-05-02T12:03:20.584+0000] {job.py:229} INFO - Heartbeat recovered after 1336.12 seconds
[2025-05-02T12:03:21.648+0000] {_universal.py:506} INFO - Request URL: 'https://uiiauiiau.blob.core.windows.net/nashville/processed_nashville_housing.csv'
Request method: 'PUT'
Request headers:
    'Content-Length': '8222910'
    'x-ms-blob-type': 'REDACTED'
    'x-ms-version': 'REDACTED'
    'Content-Type': 'application/octet-stream'
    'Accept': 'application/xml'
    'User-Agent': 'azsdk-python-storage-blob/12.24.1 Python/3.12.9 (Linux-5.15.167.4-microsoft-standard-WSL2-x86_64-with-glibc2.36)'
    'x-ms-date': 'REDACTED'
    'x-ms-client-request-id': '715ea092-274d-11f0-b5a2-0242ac130004'
    'Authorization': 'REDACTED'
A body is sent with the request
[2025-05-02T12:03:26.490+0000] {_universal.py:545} INFO - Response status: 201
Response headers:
    'Content-Length': '0'
    'Content-MD5': 'REDACTED'
    'Last-Modified': 'Fri, 02 May 2025 12:03:26 GMT'
    'ETag': '"0x8DD89715871B530"'
    'Server': 'Windows-Azure-Blob/1.0 Microsoft-HTTPAPI/2.0'
    'x-ms-request-id': '93a965ef-601e-0034-615a-bbf1eb000000'
    'x-ms-client-request-id': '715ea092-274d-11f0-b5a2-0242ac130004'
    'x-ms-version': 'REDACTED'
    'x-ms-content-crc64': 'REDACTED'
    'x-ms-request-server-encrypted': 'REDACTED'
    'Date': 'Fri, 02 May 2025 12:03:26 GMT'
[2025-05-02T12:03:26.492+0000] {logging_mixin.py:190} INFO - ☁️ Uploaded to Azure Blob Storage: nashville/processed_nashville_housing.csv
[2025-05-02T12:03:26.593+0000] {python.py:240} INFO - Done. Returned value was: None
[2025-05-02T12:03:26.634+0000] {taskinstance.py:341} INFO - ::group::Post task execution logs
[2025-05-02T12:03:26.634+0000] {taskinstance.py:353} INFO - Marking task as SUCCESS. dag_id=nashville_data, task_id=process_task, run_id=scheduled__2025-05-02T11:35:00+00:00, execution_date=20250502T113500, start_date=20250502T114003, end_date=20250502T120326
[2025-05-02T12:03:26.847+0000] {local_task_job_runner.py:266} INFO - Task exited with return code 0
[2025-05-02T12:03:26.897+0000] {local_task_job_runner.py:245} INFO - ::endgroup::
